<?xml version="1.0" encoding="UTF-8"?>
<testsuite name="TestSuite" time="59.699" tests="5" errors="0" skipped="0" failures="1">
  <properties>
    <property name="java.runtime.name" value="Java(TM) SE Runtime Environment"/>
    <property name="sun.boot.library.path" value="C:\Program Files\Java\jdk1.8.0_72\jre\bin"/>
    <property name="java.vm.version" value="25.72-b15"/>
    <property name="java.vm.vendor" value="Oracle Corporation"/>
    <property name="maven.multiModuleProjectDirectory" value="C:\Users\Anand\workspace\Matching"/>
    <property name="java.vendor.url" value="http://java.oracle.com/"/>
    <property name="path.separator" value=";"/>
    <property name="guice.disable.misplaced.annotation.check" value="true"/>
    <property name="java.vm.name" value="Java HotSpot(TM) 64-Bit Server VM"/>
    <property name="file.encoding.pkg" value="sun.io"/>
    <property name="user.script" value=""/>
    <property name="user.country" value="US"/>
    <property name="sun.java.launcher" value="SUN_STANDARD"/>
    <property name="sun.os.patch.level" value=""/>
    <property name="java.vm.specification.name" value="Java Virtual Machine Specification"/>
    <property name="user.dir" value="C:\Users\Anand\workspace\Matching"/>
    <property name="java.runtime.version" value="1.8.0_72-b15"/>
    <property name="java.awt.graphicsenv" value="sun.awt.Win32GraphicsEnvironment"/>
    <property name="java.endorsed.dirs" value="C:\Program Files\Java\jdk1.8.0_72\jre\lib\endorsed"/>
    <property name="os.arch" value="amd64"/>
    <property name="java.io.tmpdir" value="C:\Users\Anand\AppData\Local\Temp\"/>
    <property name="line.separator" value="&#10;"/>
    <property name="java.vm.specification.vendor" value="Oracle Corporation"/>
    <property name="user.variant" value=""/>
    <property name="os.name" value="Windows 10"/>
    <property name="classworlds.conf" value="C:\Program Files\Apache Software Foundation\apache-maven-3.3.9\bin\m2.conf"/>
    <property name="sun.jnu.encoding" value="Cp1252"/>
    <property name="java.library.path" value="C:\Program Files\Java\jdk1.8.0_72\bin;C:\WINDOWS\Sun\Java\bin;C:\WINDOWS\system32;C:\WINDOWS;C:\oraclexe\app\oracle\product\11.2.0\server\bin;C:\ProgramData\Oracle\Java\javapath;C:\Program Files (x86)\Lenovo\FusionEngine;C:\Program Files (x86)\Intel\iCLS Client\;C:\Program Files\Intel\iCLS Client\;C:\WINDOWS\system32;C:\WINDOWS;C:\WINDOWS\System32\Wbem;C:\WINDOWS\System32\WindowsPowerShell\v1.0\;C:\Program Files\Intel\Intel(R) Management Engine Components\DAL;C:\Program Files (x86)\Intel\Intel(R) Management Engine Components\DAL;C:\Program Files\Intel\Intel(R) Management Engine Components\IPT;C:\Program Files (x86)\Intel\Intel(R) Management Engine Components\IPT;C:\Program Files\Intel\WiFi\bin\;C:\Program Files\Common Files\Intel\WirelessCommon\;C:\Program Files (x86)\Common Files\lenovo\easyplussdk\bin;&quot;C:\Program Files (x86)\MySQL\MySQL Fabric 1.5 &amp; MySQL Utilities 1.5&quot;;C:\Program Files\Apache Software Foundation\apache-maven-3.3.9\bin;C:\Program Files (x86)\Skype\Phone\;C:\Program Files\Java\jdk1.8.0_72\bin;C:\ProgramData\Microsoft\Windows\Start Menu\Programs\;C:\WINDOWS\system32\config\systemprofile\.dnx\bin;C:\Program Files\Microsoft DNX\Dnvm\;C:\Building\WebDriver\sikuli-webdriver-1.0.1.jar\libs;."/>
    <property name="java.specification.name" value="Java Platform API Specification"/>
    <property name="java.class.version" value="52.0"/>
    <property name="sun.management.compiler" value="HotSpot 64-Bit Tiered Compilers"/>
    <property name="os.version" value="10.0"/>
    <property name="user.home" value="C:\Users\Anand"/>
    <property name="user.timezone" value="America/New_York"/>
    <property name="java.awt.printerjob" value="sun.awt.windows.WPrinterJob"/>
    <property name="java.specification.version" value="1.8"/>
    <property name="file.encoding" value="Cp1252"/>
    <property name="user.name" value="Anand"/>
    <property name="java.class.path" value="C:\Program Files\Apache Software Foundation\apache-maven-3.3.9\boot\plexus-classworlds-2.5.2.jar"/>
    <property name="java.vm.specification.version" value="1.8"/>
    <property name="sun.arch.data.model" value="64"/>
    <property name="java.home" value="C:\Program Files\Java\jdk1.8.0_72\jre"/>
    <property name="sun.java.command" value="org.codehaus.plexus.classworlds.launcher.Launcher install"/>
    <property name="java.specification.vendor" value="Oracle Corporation"/>
    <property name="user.language" value="en"/>
    <property name="awt.toolkit" value="sun.awt.windows.WToolkit"/>
    <property name="java.vm.info" value="mixed mode"/>
    <property name="java.version" value="1.8.0_72"/>
    <property name="java.ext.dirs" value="C:\Program Files\Java\jdk1.8.0_72\jre\lib\ext;C:\WINDOWS\Sun\Java\lib\ext"/>
    <property name="sun.boot.class.path" value="C:\Program Files\Java\jdk1.8.0_72\jre\lib\resources.jar;C:\Program Files\Java\jdk1.8.0_72\jre\lib\rt.jar;C:\Program Files\Java\jdk1.8.0_72\jre\lib\sunrsasign.jar;C:\Program Files\Java\jdk1.8.0_72\jre\lib\jsse.jar;C:\Program Files\Java\jdk1.8.0_72\jre\lib\jce.jar;C:\Program Files\Java\jdk1.8.0_72\jre\lib\charsets.jar;C:\Program Files\Java\jdk1.8.0_72\jre\lib\jfr.jar;C:\Program Files\Java\jdk1.8.0_72\jre\classes"/>
    <property name="java.vendor" value="Oracle Corporation"/>
    <property name="maven.home" value="C:\Program Files\Apache Software Foundation\apache-maven-3.3.9"/>
    <property name="file.separator" value="\"/>
    <property name="java.vendor.url.bug" value="http://bugreport.sun.com/bugreport/"/>
    <property name="sun.cpu.endian" value="little"/>
    <property name="sun.io.unicode.encoding" value="UnicodeLittle"/>
    <property name="sun.desktop" value="windows"/>
    <property name="sun.cpu.isalist" value="amd64"/>
  </properties>
  <testcase name="accessToSite" classname="UserRegistrationTest" time="12.845"/>
  <testcase name="registration" classname="UserRegistrationTest" time="16.696">
    <failure message="Unable to locate element: {&quot;method&quot;:&quot;link text&quot;,&quot;selector&quot;:&quot;Join for FREE »&quot;}&#10;Command duration or timeout: 10.22 seconds&#10;For documentation on this error, please visit: http://seleniumhq.org/exceptions/no_such_element.html&#10;Build info: version: &apos;2.52.0&apos;, revision: &apos;4c2593cfc3689a7fcd7be52549167e5ccc93ad28&apos;, time: &apos;2016-02-11 11:22:43&apos;&#10;System info: host: &apos;anand-usa&apos;, ip: &apos;192.168.0.20&apos;, os.name: &apos;Windows 10&apos;, os.arch: &apos;amd64&apos;, os.version: &apos;10.0&apos;, java.version: &apos;1.8.0_72&apos;&#10;Driver info: org.openqa.selenium.firefox.FirefoxDriver&#10;Capabilities [{applicationCacheEnabled=true, rotatable=false, handlesAlerts=true, databaseEnabled=true, version=44.0.2, platform=WINDOWS, nativeEvents=false, acceptSslCerts=true, webStorageEnabled=true, locationContextEnabled=true, browserName=firefox, takesScreenshot=true, javascriptEnabled=true, cssSelectorsEnabled=true}]&#10;Session ID: f31bcf9d-2aac-4ee6-bf2f-48f6215a5f2d&#10;*** Element info: {Using=link text, value=Join for FREE »}" type="org.openqa.selenium.NoSuchElementException"><![CDATA[org.openqa.selenium.NoSuchElementException: Unable to locate element: {"method":"link text","selector":"Join for FREE »"}
Command duration or timeout: 10.22 seconds
For documentation on this error, please visit: http://seleniumhq.org/exceptions/no_such_element.html
Build info: version: '2.52.0', revision: '4c2593cfc3689a7fcd7be52549167e5ccc93ad28', time: '2016-02-11 11:22:43'
System info: host: 'anand-usa', ip: '192.168.0.20', os.name: 'Windows 10', os.arch: 'amd64', os.version: '10.0', java.version: '1.8.0_72'
Driver info: org.openqa.selenium.firefox.FirefoxDriver
Capabilities [{applicationCacheEnabled=true, rotatable=false, handlesAlerts=true, databaseEnabled=true, version=44.0.2, platform=WINDOWS, nativeEvents=false, acceptSslCerts=true, webStorageEnabled=true, locationContextEnabled=true, browserName=firefox, takesScreenshot=true, javascriptEnabled=true, cssSelectorsEnabled=true}]
Session ID: f31bcf9d-2aac-4ee6-bf2f-48f6215a5f2d
*** Element info: {Using=link text, value=Join for FREE »}
	at sun.reflect.NativeConstructorAccessorImpl.newInstance0(Native Method)
	at sun.reflect.NativeConstructorAccessorImpl.newInstance(NativeConstructorAccessorImpl.java:62)
	at sun.reflect.DelegatingConstructorAccessorImpl.newInstance(DelegatingConstructorAccessorImpl.java:45)
	at java.lang.reflect.Constructor.newInstance(Constructor.java:423)
	at org.openqa.selenium.remote.ErrorHandler.createThrowable(ErrorHandler.java:206)
	at org.openqa.selenium.remote.ErrorHandler.throwIfResponseFailed(ErrorHandler.java:158)
	at org.openqa.selenium.remote.RemoteWebDriver.execute(RemoteWebDriver.java:678)
	at org.openqa.selenium.remote.RemoteWebDriver.findElement(RemoteWebDriver.java:363)
	at org.openqa.selenium.remote.RemoteWebDriver.findElementByLinkText(RemoteWebDriver.java:428)
	at org.openqa.selenium.By$ByLinkText.findElement(By.java:246)
	at org.openqa.selenium.remote.RemoteWebDriver.findElement(RemoteWebDriver.java:355)
	at com.user.reg.Util.findElementByLinkText(Util.java:95)
	at com.user.reg.UserRegistration.clickOnRegistartionLink(UserRegistration.java:571)
	at UserRegistrationTest.registration(UserRegistrationTest.java:25)
Caused by: org.openqa.selenium.NoSuchElementException: Unable to locate element: {"method":"link text","selector":"Join for FREE »"}
For documentation on this error, please visit: http://seleniumhq.org/exceptions/no_such_element.html
Build info: version: '2.52.0', revision: '4c2593cfc3689a7fcd7be52549167e5ccc93ad28', time: '2016-02-11 11:22:43'
System info: host: 'anand-usa', ip: '192.168.0.20', os.name: 'Windows 10', os.arch: 'amd64', os.version: '10.0', java.version: '1.8.0_72'
Driver info: driver.version: unknown
	at <anonymous class>.FirefoxDriver.prototype.findElementInternal_(file:///C:/Users/Anand/AppData/Local/Temp/anonymous5390726613219409968webdriver-profile/extensions/fxdriver@googlecode.com/components/driver-component.js:10723)
	at <anonymous class>.fxdriver.Timer.prototype.setTimeout/<.notify(file:///C:/Users/Anand/AppData/Local/Temp/anonymous5390726613219409968webdriver-profile/extensions/fxdriver@googlecode.com/components/driver-component.js:623)
]]></failure>
    <system-out><![CDATA[2016-03-09 14:40:56 INFO  UserRegistration:577 - ----Calling-----getName
2016-03-09 14:40:56 DEBUG RequestAddCookies:122 - CookieSpec selected: default
2016-03-09 14:40:56 DEBUG RequestAuthCache:76 - Auth cache not set in the context
2016-03-09 14:40:56 DEBUG PoolingHttpClientConnectionManager:249 - Connection request: [route: {}->http://127.0.0.1:7055][total kept alive: 0; route allocated: 0 of 2000; total allocated: 0 of 2000]
2016-03-09 14:40:56 DEBUG PoolingHttpClientConnectionManager:282 - Connection leased: [id: 4][route: {}->http://127.0.0.1:7055][total kept alive: 0; route allocated: 1 of 2000; total allocated: 1 of 2000]
2016-03-09 14:40:56 DEBUG MainClientExec:234 - Opening connection {}->http://127.0.0.1:7055
2016-03-09 14:40:56 DEBUG DefaultHttpClientConnectionOperator:131 - Connecting to /127.0.0.1:7055
2016-03-09 14:40:56 DEBUG DefaultHttpClientConnectionOperator:138 - Connection established 127.0.0.1:51216<->127.0.0.1:7055
2016-03-09 14:40:56 DEBUG DefaultManagedHttpClientConnection:90 - http-outgoing-4: set socket timeout to 10800000
2016-03-09 14:40:56 DEBUG MainClientExec:255 - Executing request POST /hub/session/f31bcf9d-2aac-4ee6-bf2f-48f6215a5f2d/timeouts HTTP/1.1
2016-03-09 14:40:56 DEBUG MainClientExec:260 - Target auth state: UNCHALLENGED
2016-03-09 14:40:56 DEBUG MainClientExec:266 - Proxy auth state: UNCHALLENGED
2016-03-09 14:40:56 DEBUG headers:135 - http-outgoing-4 >> POST /hub/session/f31bcf9d-2aac-4ee6-bf2f-48f6215a5f2d/timeouts HTTP/1.1
2016-03-09 14:40:56 DEBUG headers:138 - http-outgoing-4 >> Content-Type: application/json; charset=utf-8
2016-03-09 14:40:56 DEBUG headers:138 - http-outgoing-4 >> Content-Length: 30
2016-03-09 14:40:56 DEBUG headers:138 - http-outgoing-4 >> Host: 127.0.0.1:7055
2016-03-09 14:40:56 DEBUG headers:138 - http-outgoing-4 >> Connection: Keep-Alive
2016-03-09 14:40:56 DEBUG headers:138 - http-outgoing-4 >> User-Agent: Apache-HttpClient/4.5.1 (Java/1.8.0_72)
2016-03-09 14:40:56 DEBUG headers:138 - http-outgoing-4 >> Accept-Encoding: gzip,deflate
2016-03-09 14:40:56 DEBUG wire:72 - http-outgoing-4 >> "POST /hub/session/f31bcf9d-2aac-4ee6-bf2f-48f6215a5f2d/timeouts HTTP/1.1[\r][\n]"
2016-03-09 14:40:56 DEBUG wire:72 - http-outgoing-4 >> "Content-Type: application/json; charset=utf-8[\r][\n]"
2016-03-09 14:40:56 DEBUG wire:72 - http-outgoing-4 >> "Content-Length: 30[\r][\n]"
2016-03-09 14:40:56 DEBUG wire:72 - http-outgoing-4 >> "Host: 127.0.0.1:7055[\r][\n]"
2016-03-09 14:40:56 DEBUG wire:72 - http-outgoing-4 >> "Connection: Keep-Alive[\r][\n]"
2016-03-09 14:40:56 DEBUG wire:72 - http-outgoing-4 >> "User-Agent: Apache-HttpClient/4.5.1 (Java/1.8.0_72)[\r][\n]"
2016-03-09 14:40:56 DEBUG wire:72 - http-outgoing-4 >> "Accept-Encoding: gzip,deflate[\r][\n]"
2016-03-09 14:40:56 DEBUG wire:72 - http-outgoing-4 >> "[\r][\n]"
2016-03-09 14:40:56 DEBUG wire:86 - http-outgoing-4 >> "{"type":"implicit","ms":10000}"
2016-03-09 14:40:56 DEBUG wire:72 - http-outgoing-4 << "HTTP/1.1 200 OK[\r][\n]"
2016-03-09 14:40:56 DEBUG wire:72 - http-outgoing-4 << "content-type: application/json; charset=UTF-8[\r][\n]"
2016-03-09 14:40:56 DEBUG wire:72 - http-outgoing-4 << "connection: close[\r][\n]"
2016-03-09 14:40:56 DEBUG wire:72 - http-outgoing-4 << "content-length: 94[\r][\n]"
2016-03-09 14:40:56 DEBUG wire:72 - http-outgoing-4 << "server: httpd.js[\r][\n]"
2016-03-09 14:40:56 DEBUG wire:72 - http-outgoing-4 << "date: Wed, 09 Mar 2016 19:40:56 GMT[\r][\n]"
2016-03-09 14:40:56 DEBUG wire:72 - http-outgoing-4 << "[\r][\n]"
2016-03-09 14:40:56 DEBUG headers:124 - http-outgoing-4 << HTTP/1.1 200 OK
2016-03-09 14:40:56 DEBUG headers:127 - http-outgoing-4 << content-type: application/json; charset=UTF-8
2016-03-09 14:40:56 DEBUG headers:127 - http-outgoing-4 << connection: close
2016-03-09 14:40:56 DEBUG headers:127 - http-outgoing-4 << content-length: 94
2016-03-09 14:40:56 DEBUG headers:127 - http-outgoing-4 << server: httpd.js
2016-03-09 14:40:56 DEBUG headers:127 - http-outgoing-4 << date: Wed, 09 Mar 2016 19:40:56 GMT
2016-03-09 14:40:56 DEBUG wire:86 - http-outgoing-4 << "{"name":"setTimeout","sessionId":"f31bcf9d-2aac-4ee6-bf2f-48f6215a5f2d","status":0,"value":""}"
2016-03-09 14:40:56 DEBUG DefaultManagedHttpClientConnection:81 - http-outgoing-4: Close connection
2016-03-09 14:40:56 DEBUG MainClientExec:103 - Connection discarded
2016-03-09 14:40:56 DEBUG PoolingHttpClientConnectionManager:320 - Connection released: [id: 4][route: {}->http://127.0.0.1:7055][total kept alive: 0; route allocated: 0 of 2000; total allocated: 0 of 2000]
2016-03-09 14:40:56 DEBUG RequestAddCookies:122 - CookieSpec selected: default
2016-03-09 14:40:56 DEBUG RequestAuthCache:76 - Auth cache not set in the context
2016-03-09 14:40:56 DEBUG PoolingHttpClientConnectionManager:249 - Connection request: [route: {}->http://127.0.0.1:7055][total kept alive: 0; route allocated: 0 of 2000; total allocated: 0 of 2000]
2016-03-09 14:40:56 DEBUG PoolingHttpClientConnectionManager:282 - Connection leased: [id: 5][route: {}->http://127.0.0.1:7055][total kept alive: 0; route allocated: 1 of 2000; total allocated: 1 of 2000]
2016-03-09 14:40:56 DEBUG MainClientExec:234 - Opening connection {}->http://127.0.0.1:7055
2016-03-09 14:40:56 DEBUG DefaultHttpClientConnectionOperator:131 - Connecting to /127.0.0.1:7055
2016-03-09 14:40:56 DEBUG DefaultHttpClientConnectionOperator:138 - Connection established 127.0.0.1:51217<->127.0.0.1:7055
2016-03-09 14:40:56 DEBUG DefaultManagedHttpClientConnection:90 - http-outgoing-5: set socket timeout to 10800000
2016-03-09 14:40:56 DEBUG MainClientExec:255 - Executing request POST /hub/session/f31bcf9d-2aac-4ee6-bf2f-48f6215a5f2d/element HTTP/1.1
2016-03-09 14:40:56 DEBUG MainClientExec:260 - Target auth state: UNCHALLENGED
2016-03-09 14:40:56 DEBUG MainClientExec:266 - Proxy auth state: UNCHALLENGED
2016-03-09 14:40:56 DEBUG headers:135 - http-outgoing-5 >> POST /hub/session/f31bcf9d-2aac-4ee6-bf2f-48f6215a5f2d/element HTTP/1.1
2016-03-09 14:40:56 DEBUG headers:138 - http-outgoing-5 >> Content-Type: application/json; charset=utf-8
2016-03-09 14:40:56 DEBUG headers:138 - http-outgoing-5 >> Content-Length: 49
2016-03-09 14:40:56 DEBUG headers:138 - http-outgoing-5 >> Host: 127.0.0.1:7055
2016-03-09 14:40:56 DEBUG headers:138 - http-outgoing-5 >> Connection: Keep-Alive
2016-03-09 14:40:56 DEBUG headers:138 - http-outgoing-5 >> User-Agent: Apache-HttpClient/4.5.1 (Java/1.8.0_72)
2016-03-09 14:40:56 DEBUG headers:138 - http-outgoing-5 >> Accept-Encoding: gzip,deflate
2016-03-09 14:40:56 DEBUG wire:72 - http-outgoing-5 >> "POST /hub/session/f31bcf9d-2aac-4ee6-bf2f-48f6215a5f2d/element HTTP/1.1[\r][\n]"
2016-03-09 14:40:56 DEBUG wire:72 - http-outgoing-5 >> "Content-Type: application/json; charset=utf-8[\r][\n]"
2016-03-09 14:40:56 DEBUG wire:72 - http-outgoing-5 >> "Content-Length: 49[\r][\n]"
2016-03-09 14:40:56 DEBUG wire:72 - http-outgoing-5 >> "Host: 127.0.0.1:7055[\r][\n]"
2016-03-09 14:40:56 DEBUG wire:72 - http-outgoing-5 >> "Connection: Keep-Alive[\r][\n]"
2016-03-09 14:40:56 DEBUG wire:72 - http-outgoing-5 >> "User-Agent: Apache-HttpClient/4.5.1 (Java/1.8.0_72)[\r][\n]"
2016-03-09 14:40:56 DEBUG wire:72 - http-outgoing-5 >> "Accept-Encoding: gzip,deflate[\r][\n]"
2016-03-09 14:40:56 DEBUG wire:72 - http-outgoing-5 >> "[\r][\n]"
2016-03-09 14:40:56 DEBUG wire:86 - http-outgoing-5 >> "{"using":"link text","value":"Member Sign In [0xc2][0xbb]"}"
2016-03-09 14:40:57 DEBUG wire:72 - http-outgoing-5 << "HTTP/1.1 200 OK[\r][\n]"
2016-03-09 14:40:57 DEBUG wire:72 - http-outgoing-5 << "content-type: application/json; charset=UTF-8[\r][\n]"
2016-03-09 14:40:57 DEBUG wire:72 - http-outgoing-5 << "connection: close[\r][\n]"
2016-03-09 14:40:57 DEBUG wire:72 - http-outgoing-5 << "content-length: 224[\r][\n]"
2016-03-09 14:40:57 DEBUG wire:72 - http-outgoing-5 << "server: httpd.js[\r][\n]"
2016-03-09 14:40:57 DEBUG wire:72 - http-outgoing-5 << "date: Wed, 09 Mar 2016 19:40:56 GMT[\r][\n]"
2016-03-09 14:40:57 DEBUG wire:72 - http-outgoing-5 << "[\r][\n]"
2016-03-09 14:40:57 DEBUG headers:124 - http-outgoing-5 << HTTP/1.1 200 OK
2016-03-09 14:40:57 DEBUG headers:127 - http-outgoing-5 << content-type: application/json; charset=UTF-8
2016-03-09 14:40:57 DEBUG headers:127 - http-outgoing-5 << connection: close
2016-03-09 14:40:57 DEBUG headers:127 - http-outgoing-5 << content-length: 224
2016-03-09 14:40:57 DEBUG headers:127 - http-outgoing-5 << server: httpd.js
2016-03-09 14:40:57 DEBUG headers:127 - http-outgoing-5 << date: Wed, 09 Mar 2016 19:40:56 GMT
2016-03-09 14:40:57 DEBUG wire:86 - http-outgoing-5 << "{"name":"findElement","sessionId":"f31bcf9d-2aac-4ee6-bf2f-48f6215a5f2d","status":0,"value":{"ELEMENT":"{fadef811-80bf-462a-a70d-f64c144bafae}","element-6066-11e4-a52e-4f735466cecf":"{fadef811-80bf-462a-a70d-f64c144bafae}"}}"
2016-03-09 14:40:57 DEBUG DefaultManagedHttpClientConnection:81 - http-outgoing-5: Close connection
2016-03-09 14:40:57 DEBUG MainClientExec:103 - Connection discarded
2016-03-09 14:40:57 DEBUG PoolingHttpClientConnectionManager:320 - Connection released: [id: 5][route: {}->http://127.0.0.1:7055][total kept alive: 0; route allocated: 0 of 2000; total allocated: 0 of 2000]
2016-03-09 14:40:57 DEBUG RequestAddCookies:122 - CookieSpec selected: default
2016-03-09 14:40:57 DEBUG RequestAuthCache:76 - Auth cache not set in the context
2016-03-09 14:40:57 DEBUG PoolingHttpClientConnectionManager:249 - Connection request: [route: {}->http://127.0.0.1:7055][total kept alive: 0; route allocated: 0 of 2000; total allocated: 0 of 2000]
2016-03-09 14:40:57 DEBUG PoolingHttpClientConnectionManager:282 - Connection leased: [id: 6][route: {}->http://127.0.0.1:7055][total kept alive: 0; route allocated: 1 of 2000; total allocated: 1 of 2000]
2016-03-09 14:40:57 DEBUG MainClientExec:234 - Opening connection {}->http://127.0.0.1:7055
2016-03-09 14:40:57 DEBUG DefaultHttpClientConnectionOperator:131 - Connecting to /127.0.0.1:7055
2016-03-09 14:40:57 DEBUG DefaultHttpClientConnectionOperator:138 - Connection established 127.0.0.1:51218<->127.0.0.1:7055
2016-03-09 14:40:57 DEBUG DefaultManagedHttpClientConnection:90 - http-outgoing-6: set socket timeout to 10800000
2016-03-09 14:40:57 DEBUG MainClientExec:255 - Executing request POST /hub/session/f31bcf9d-2aac-4ee6-bf2f-48f6215a5f2d/element/%7Bfadef811-80bf-462a-a70d-f64c144bafae%7D/click HTTP/1.1
2016-03-09 14:40:57 DEBUG MainClientExec:260 - Target auth state: UNCHALLENGED
2016-03-09 14:40:57 DEBUG MainClientExec:266 - Proxy auth state: UNCHALLENGED
2016-03-09 14:40:57 DEBUG headers:135 - http-outgoing-6 >> POST /hub/session/f31bcf9d-2aac-4ee6-bf2f-48f6215a5f2d/element/%7Bfadef811-80bf-462a-a70d-f64c144bafae%7D/click HTTP/1.1
2016-03-09 14:40:57 DEBUG headers:138 - http-outgoing-6 >> Content-Type: application/json; charset=utf-8
2016-03-09 14:40:57 DEBUG headers:138 - http-outgoing-6 >> Content-Length: 47
2016-03-09 14:40:57 DEBUG headers:138 - http-outgoing-6 >> Host: 127.0.0.1:7055
2016-03-09 14:40:57 DEBUG headers:138 - http-outgoing-6 >> Connection: Keep-Alive
2016-03-09 14:40:57 DEBUG headers:138 - http-outgoing-6 >> User-Agent: Apache-HttpClient/4.5.1 (Java/1.8.0_72)
2016-03-09 14:40:57 DEBUG headers:138 - http-outgoing-6 >> Accept-Encoding: gzip,deflate
2016-03-09 14:40:57 DEBUG wire:72 - http-outgoing-6 >> "POST /hub/session/f31bcf9d-2aac-4ee6-bf2f-48f6215a5f2d/element/%7Bfadef811-80bf-462a-a70d-f64c144bafae%7D/click HTTP/1.1[\r][\n]"
2016-03-09 14:40:57 DEBUG wire:72 - http-outgoing-6 >> "Content-Type: application/json; charset=utf-8[\r][\n]"
2016-03-09 14:40:57 DEBUG wire:72 - http-outgoing-6 >> "Content-Length: 47[\r][\n]"
2016-03-09 14:40:57 DEBUG wire:72 - http-outgoing-6 >> "Host: 127.0.0.1:7055[\r][\n]"
2016-03-09 14:40:57 DEBUG wire:72 - http-outgoing-6 >> "Connection: Keep-Alive[\r][\n]"
2016-03-09 14:40:57 DEBUG wire:72 - http-outgoing-6 >> "User-Agent: Apache-HttpClient/4.5.1 (Java/1.8.0_72)[\r][\n]"
2016-03-09 14:40:57 DEBUG wire:72 - http-outgoing-6 >> "Accept-Encoding: gzip,deflate[\r][\n]"
2016-03-09 14:40:57 DEBUG wire:72 - http-outgoing-6 >> "[\r][\n]"
2016-03-09 14:40:57 DEBUG wire:86 - http-outgoing-6 >> "{"id":"{fadef811-80bf-462a-a70d-f64c144bafae}"}"
2016-03-09 14:41:03 DEBUG wire:72 - http-outgoing-6 << "HTTP/1.1 200 OK[\r][\n]"
2016-03-09 14:41:03 DEBUG wire:72 - http-outgoing-6 << "content-type: application/json; charset=UTF-8[\r][\n]"
2016-03-09 14:41:03 DEBUG wire:72 - http-outgoing-6 << "connection: close[\r][\n]"
2016-03-09 14:41:03 DEBUG wire:72 - http-outgoing-6 << "content-length: 98[\r][\n]"
2016-03-09 14:41:03 DEBUG wire:72 - http-outgoing-6 << "server: httpd.js[\r][\n]"
2016-03-09 14:41:03 DEBUG wire:72 - http-outgoing-6 << "date: Wed, 09 Mar 2016 19:41:03 GMT[\r][\n]"
2016-03-09 14:41:03 DEBUG wire:72 - http-outgoing-6 << "[\r][\n]"
2016-03-09 14:41:03 DEBUG headers:124 - http-outgoing-6 << HTTP/1.1 200 OK
2016-03-09 14:41:03 DEBUG headers:127 - http-outgoing-6 << content-type: application/json; charset=UTF-8
2016-03-09 14:41:03 DEBUG headers:127 - http-outgoing-6 << connection: close
2016-03-09 14:41:03 DEBUG headers:127 - http-outgoing-6 << content-length: 98
2016-03-09 14:41:03 DEBUG headers:127 - http-outgoing-6 << server: httpd.js
2016-03-09 14:41:03 DEBUG headers:127 - http-outgoing-6 << date: Wed, 09 Mar 2016 19:41:03 GMT
2016-03-09 14:41:03 DEBUG wire:86 - http-outgoing-6 << "{"name":"clickElement","sessionId":"f31bcf9d-2aac-4ee6-bf2f-48f6215a5f2d","status":0,"value":"ok"}"
2016-03-09 14:41:03 DEBUG DefaultManagedHttpClientConnection:81 - http-outgoing-6: Close connection
2016-03-09 14:41:03 DEBUG MainClientExec:103 - Connection discarded
2016-03-09 14:41:03 DEBUG PoolingHttpClientConnectionManager:320 - Connection released: [id: 6][route: {}->http://127.0.0.1:7055][total kept alive: 0; route allocated: 0 of 2000; total allocated: 0 of 2000]
2016-03-09 14:41:03 INFO  UserRegistration:569 - ----Calling-----getName
2016-03-09 14:41:03 DEBUG RequestAddCookies:122 - CookieSpec selected: default
2016-03-09 14:41:03 DEBUG RequestAuthCache:76 - Auth cache not set in the context
2016-03-09 14:41:03 DEBUG PoolingHttpClientConnectionManager:249 - Connection request: [route: {}->http://127.0.0.1:7055][total kept alive: 0; route allocated: 0 of 2000; total allocated: 0 of 2000]
2016-03-09 14:41:03 DEBUG PoolingHttpClientConnectionManager:282 - Connection leased: [id: 7][route: {}->http://127.0.0.1:7055][total kept alive: 0; route allocated: 1 of 2000; total allocated: 1 of 2000]
2016-03-09 14:41:03 DEBUG MainClientExec:234 - Opening connection {}->http://127.0.0.1:7055
2016-03-09 14:41:03 DEBUG DefaultHttpClientConnectionOperator:131 - Connecting to /127.0.0.1:7055
2016-03-09 14:41:03 DEBUG DefaultHttpClientConnectionOperator:138 - Connection established 127.0.0.1:51271<->127.0.0.1:7055
2016-03-09 14:41:03 DEBUG DefaultManagedHttpClientConnection:90 - http-outgoing-7: set socket timeout to 10800000
2016-03-09 14:41:03 DEBUG MainClientExec:255 - Executing request POST /hub/session/f31bcf9d-2aac-4ee6-bf2f-48f6215a5f2d/timeouts HTTP/1.1
2016-03-09 14:41:03 DEBUG MainClientExec:260 - Target auth state: UNCHALLENGED
2016-03-09 14:41:03 DEBUG MainClientExec:266 - Proxy auth state: UNCHALLENGED
2016-03-09 14:41:03 DEBUG headers:135 - http-outgoing-7 >> POST /hub/session/f31bcf9d-2aac-4ee6-bf2f-48f6215a5f2d/timeouts HTTP/1.1
2016-03-09 14:41:03 DEBUG headers:138 - http-outgoing-7 >> Content-Type: application/json; charset=utf-8
2016-03-09 14:41:03 DEBUG headers:138 - http-outgoing-7 >> Content-Length: 30
2016-03-09 14:41:03 DEBUG headers:138 - http-outgoing-7 >> Host: 127.0.0.1:7055
2016-03-09 14:41:03 DEBUG headers:138 - http-outgoing-7 >> Connection: Keep-Alive
2016-03-09 14:41:03 DEBUG headers:138 - http-outgoing-7 >> User-Agent: Apache-HttpClient/4.5.1 (Java/1.8.0_72)
2016-03-09 14:41:03 DEBUG headers:138 - http-outgoing-7 >> Accept-Encoding: gzip,deflate
2016-03-09 14:41:03 DEBUG wire:72 - http-outgoing-7 >> "POST /hub/session/f31bcf9d-2aac-4ee6-bf2f-48f6215a5f2d/timeouts HTTP/1.1[\r][\n]"
2016-03-09 14:41:03 DEBUG wire:72 - http-outgoing-7 >> "Content-Type: application/json; charset=utf-8[\r][\n]"
2016-03-09 14:41:03 DEBUG wire:72 - http-outgoing-7 >> "Content-Length: 30[\r][\n]"
2016-03-09 14:41:03 DEBUG wire:72 - http-outgoing-7 >> "Host: 127.0.0.1:7055[\r][\n]"
2016-03-09 14:41:03 DEBUG wire:72 - http-outgoing-7 >> "Connection: Keep-Alive[\r][\n]"
2016-03-09 14:41:03 DEBUG wire:72 - http-outgoing-7 >> "User-Agent: Apache-HttpClient/4.5.1 (Java/1.8.0_72)[\r][\n]"
2016-03-09 14:41:03 DEBUG wire:72 - http-outgoing-7 >> "Accept-Encoding: gzip,deflate[\r][\n]"
2016-03-09 14:41:03 DEBUG wire:72 - http-outgoing-7 >> "[\r][\n]"
2016-03-09 14:41:03 DEBUG wire:86 - http-outgoing-7 >> "{"type":"implicit","ms":10000}"
2016-03-09 14:41:03 DEBUG wire:72 - http-outgoing-7 << "HTTP/1.1 200 OK[\r][\n]"
2016-03-09 14:41:03 DEBUG wire:72 - http-outgoing-7 << "content-type: application/json; charset=UTF-8[\r][\n]"
2016-03-09 14:41:03 DEBUG wire:72 - http-outgoing-7 << "connection: close[\r][\n]"
2016-03-09 14:41:03 DEBUG wire:72 - http-outgoing-7 << "content-length: 94[\r][\n]"
2016-03-09 14:41:03 DEBUG wire:72 - http-outgoing-7 << "server: httpd.js[\r][\n]"
2016-03-09 14:41:03 DEBUG wire:72 - http-outgoing-7 << "date: Wed, 09 Mar 2016 19:41:03 GMT[\r][\n]"
2016-03-09 14:41:03 DEBUG wire:72 - http-outgoing-7 << "[\r][\n]"
2016-03-09 14:41:03 DEBUG headers:124 - http-outgoing-7 << HTTP/1.1 200 OK
2016-03-09 14:41:03 DEBUG headers:127 - http-outgoing-7 << content-type: application/json; charset=UTF-8
2016-03-09 14:41:03 DEBUG headers:127 - http-outgoing-7 << connection: close
2016-03-09 14:41:03 DEBUG headers:127 - http-outgoing-7 << content-length: 94
2016-03-09 14:41:03 DEBUG headers:127 - http-outgoing-7 << server: httpd.js
2016-03-09 14:41:03 DEBUG headers:127 - http-outgoing-7 << date: Wed, 09 Mar 2016 19:41:03 GMT
2016-03-09 14:41:03 DEBUG wire:86 - http-outgoing-7 << "{"name":"setTimeout","sessionId":"f31bcf9d-2aac-4ee6-bf2f-48f6215a5f2d","status":0,"value":""}"
2016-03-09 14:41:03 DEBUG DefaultManagedHttpClientConnection:81 - http-outgoing-7: Close connection
2016-03-09 14:41:03 DEBUG MainClientExec:103 - Connection discarded
2016-03-09 14:41:03 DEBUG PoolingHttpClientConnectionManager:320 - Connection released: [id: 7][route: {}->http://127.0.0.1:7055][total kept alive: 0; route allocated: 0 of 2000; total allocated: 0 of 2000]
2016-03-09 14:41:03 DEBUG RequestAddCookies:122 - CookieSpec selected: default
2016-03-09 14:41:03 DEBUG RequestAuthCache:76 - Auth cache not set in the context
2016-03-09 14:41:03 DEBUG PoolingHttpClientConnectionManager:249 - Connection request: [route: {}->http://127.0.0.1:7055][total kept alive: 0; route allocated: 0 of 2000; total allocated: 0 of 2000]
2016-03-09 14:41:03 DEBUG PoolingHttpClientConnectionManager:282 - Connection leased: [id: 8][route: {}->http://127.0.0.1:7055][total kept alive: 0; route allocated: 1 of 2000; total allocated: 1 of 2000]
2016-03-09 14:41:03 DEBUG MainClientExec:234 - Opening connection {}->http://127.0.0.1:7055
2016-03-09 14:41:03 DEBUG DefaultHttpClientConnectionOperator:131 - Connecting to /127.0.0.1:7055
2016-03-09 14:41:03 DEBUG DefaultHttpClientConnectionOperator:138 - Connection established 127.0.0.1:51272<->127.0.0.1:7055
2016-03-09 14:41:03 DEBUG DefaultManagedHttpClientConnection:90 - http-outgoing-8: set socket timeout to 10800000
2016-03-09 14:41:03 DEBUG MainClientExec:255 - Executing request POST /hub/session/f31bcf9d-2aac-4ee6-bf2f-48f6215a5f2d/element HTTP/1.1
2016-03-09 14:41:03 DEBUG MainClientExec:260 - Target auth state: UNCHALLENGED
2016-03-09 14:41:03 DEBUG MainClientExec:266 - Proxy auth state: UNCHALLENGED
2016-03-09 14:41:03 DEBUG headers:135 - http-outgoing-8 >> POST /hub/session/f31bcf9d-2aac-4ee6-bf2f-48f6215a5f2d/element HTTP/1.1
2016-03-09 14:41:03 DEBUG headers:138 - http-outgoing-8 >> Content-Type: application/json; charset=utf-8
2016-03-09 14:41:03 DEBUG headers:138 - http-outgoing-8 >> Content-Length: 48
2016-03-09 14:41:03 DEBUG headers:138 - http-outgoing-8 >> Host: 127.0.0.1:7055
2016-03-09 14:41:03 DEBUG headers:138 - http-outgoing-8 >> Connection: Keep-Alive
2016-03-09 14:41:03 DEBUG headers:138 - http-outgoing-8 >> User-Agent: Apache-HttpClient/4.5.1 (Java/1.8.0_72)
2016-03-09 14:41:03 DEBUG headers:138 - http-outgoing-8 >> Accept-Encoding: gzip,deflate
2016-03-09 14:41:03 DEBUG wire:72 - http-outgoing-8 >> "POST /hub/session/f31bcf9d-2aac-4ee6-bf2f-48f6215a5f2d/element HTTP/1.1[\r][\n]"
2016-03-09 14:41:03 DEBUG wire:72 - http-outgoing-8 >> "Content-Type: application/json; charset=utf-8[\r][\n]"
2016-03-09 14:41:03 DEBUG wire:72 - http-outgoing-8 >> "Content-Length: 48[\r][\n]"
2016-03-09 14:41:03 DEBUG wire:72 - http-outgoing-8 >> "Host: 127.0.0.1:7055[\r][\n]"
2016-03-09 14:41:03 DEBUG wire:72 - http-outgoing-8 >> "Connection: Keep-Alive[\r][\n]"
2016-03-09 14:41:03 DEBUG wire:72 - http-outgoing-8 >> "User-Agent: Apache-HttpClient/4.5.1 (Java/1.8.0_72)[\r][\n]"
2016-03-09 14:41:03 DEBUG wire:72 - http-outgoing-8 >> "Accept-Encoding: gzip,deflate[\r][\n]"
2016-03-09 14:41:03 DEBUG wire:72 - http-outgoing-8 >> "[\r][\n]"
2016-03-09 14:41:03 DEBUG wire:86 - http-outgoing-8 >> "{"using":"link text","value":"Join for FREE [0xc2][0xbb]"}"
2016-03-09 14:41:13 DEBUG wire:72 - http-outgoing-8 << "HTTP/1.1 500 Internal Server Error[\r][\n]"
2016-03-09 14:41:13 DEBUG wire:72 - http-outgoing-8 << "content-type: application/json; charset=UTF-8[\r][\n]"
2016-03-09 14:41:13 DEBUG wire:72 - http-outgoing-8 << "connection: close[\r][\n]"
2016-03-09 14:41:13 DEBUG wire:72 - http-outgoing-8 << "content-length: 737[\r][\n]"
2016-03-09 14:41:13 DEBUG wire:72 - http-outgoing-8 << "server: httpd.js[\r][\n]"
2016-03-09 14:41:13 DEBUG wire:72 - http-outgoing-8 << "date: Wed, 09 Mar 2016 19:41:13 GMT[\r][\n]"
2016-03-09 14:41:13 DEBUG wire:72 - http-outgoing-8 << "[\r][\n]"
2016-03-09 14:41:13 DEBUG headers:124 - http-outgoing-8 << HTTP/1.1 500 Internal Server Error
2016-03-09 14:41:13 DEBUG headers:127 - http-outgoing-8 << content-type: application/json; charset=UTF-8
2016-03-09 14:41:13 DEBUG headers:127 - http-outgoing-8 << connection: close
2016-03-09 14:41:13 DEBUG headers:127 - http-outgoing-8 << content-length: 737
2016-03-09 14:41:13 DEBUG headers:127 - http-outgoing-8 << server: httpd.js
2016-03-09 14:41:13 DEBUG headers:127 - http-outgoing-8 << date: Wed, 09 Mar 2016 19:41:13 GMT
2016-03-09 14:41:13 DEBUG wire:86 - http-outgoing-8 << "{"name":"findElement","sessionId":"f31bcf9d-2aac-4ee6-bf2f-48f6215a5f2d","status":7,"value":{"message":"Unable to locate element: {\"method\":\"link text\",\"selector\":\"Join for FREE [0xc2][0xbb]\"}","stackTrace":[{"methodName":"FirefoxDriver.prototype.findElementInternal_","fileName":"file:///C:/Users/Anand/AppData/Local/Temp/anonymous5390726613219409968webdriver-profile/extensions/fxdriver@googlecode.com/components/driver-component.js","lineNumber":10723,"columnNumber":26},{"methodName":"fxdriver.Timer.prototype.setTimeout/<.notify","fileName":"file:///C:/Users/Anand/AppData/Local/Temp/anonymous5390726613219409968webdriver-profile/extensions/fxdriver@googlecode.com/components/driver-component.js","lineNumber":623,"columnNumber":5}]}}"
2016-03-09 14:41:13 DEBUG DefaultManagedHttpClientConnection:81 - http-outgoing-8: Close connection
2016-03-09 14:41:13 DEBUG MainClientExec:103 - Connection discarded
2016-03-09 14:41:13 DEBUG PoolingHttpClientConnectionManager:320 - Connection released: [id: 8][route: {}->http://127.0.0.1:7055][total kept alive: 0; route allocated: 0 of 2000; total allocated: 0 of 2000]
]]></system-out>
  </testcase>
  <testcase name="LogIn" classname="RegistarionLogInTest" time="21.848"/>
  <testcase name="clickOnUserName" classname="RegistarionLogInTest" time="1.375"/>
  <testcase name="clickOnMyFav" classname="RegistarionLogInTest" time="6.935"/>
</testsuite>