<?xml version="1.0" encoding="UTF-8"?>
<testsuite name="TestSuite" time="78.653" tests="3" errors="0" skipped="0" failures="3">
  <properties>
    <property name="java.runtime.name" value="Java(TM) SE Runtime Environment"/>
    <property name="sun.boot.library.path" value="C:\Program Files\Java\jdk1.8.0_72\jre\bin"/>
    <property name="java.vm.version" value="25.72-b15"/>
    <property name="java.vm.vendor" value="Oracle Corporation"/>
    <property name="maven.multiModuleProjectDirectory" value="C:\Users\Anand\workspace\Matching"/>
    <property name="java.vendor.url" value="http://java.oracle.com/"/>
    <property name="path.separator" value=";"/>
    <property name="guice.disable.misplaced.annotation.check" value="true"/>
    <property name="java.vm.name" value="Java HotSpot(TM) 64-Bit Server VM"/>
    <property name="file.encoding.pkg" value="sun.io"/>
    <property name="user.script" value=""/>
    <property name="user.country" value="US"/>
    <property name="sun.java.launcher" value="SUN_STANDARD"/>
    <property name="sun.os.patch.level" value=""/>
    <property name="java.vm.specification.name" value="Java Virtual Machine Specification"/>
    <property name="user.dir" value="C:\Users\Anand\workspace\Matching"/>
    <property name="java.runtime.version" value="1.8.0_72-b15"/>
    <property name="java.awt.graphicsenv" value="sun.awt.Win32GraphicsEnvironment"/>
    <property name="java.endorsed.dirs" value="C:\Program Files\Java\jdk1.8.0_72\jre\lib\endorsed"/>
    <property name="os.arch" value="amd64"/>
    <property name="java.io.tmpdir" value="C:\Users\Anand\AppData\Local\Temp\"/>
    <property name="line.separator" value="&#10;"/>
    <property name="java.vm.specification.vendor" value="Oracle Corporation"/>
    <property name="user.variant" value=""/>
    <property name="os.name" value="Windows 10"/>
    <property name="classworlds.conf" value="C:\Users\Anand\workspace\.metadata\.plugins\org.eclipse.m2e.launching\launches\m2conf7500050321015552319.tmp"/>
    <property name="sun.jnu.encoding" value="Cp1252"/>
    <property name="java.library.path" value="C:\Program Files\Java\jdk1.8.0_72\bin;C:\WINDOWS\Sun\Java\bin;C:\WINDOWS\system32;C:\WINDOWS;C:/Program Files/Java/jre1.8.0_74/bin/server;C:/Program Files/Java/jre1.8.0_74/bin;C:/Program Files/Java/jre1.8.0_74/lib/amd64;C:\oraclexe\app\oracle\product\11.2.0\server\bin;C:\ProgramData\Oracle\Java\javapath;C:\Program Files (x86)\Lenovo\FusionEngine;C:\Program Files (x86)\Intel\iCLS Client\;C:\Program Files\Intel\iCLS Client\;C:\WINDOWS\system32;C:\WINDOWS;C:\WINDOWS\System32\Wbem;C:\WINDOWS\System32\WindowsPowerShell\v1.0\;C:\Program Files\Intel\Intel(R) Management Engine Components\DAL;C:\Program Files (x86)\Intel\Intel(R) Management Engine Components\DAL;C:\Program Files\Intel\Intel(R) Management Engine Components\IPT;C:\Program Files (x86)\Intel\Intel(R) Management Engine Components\IPT;C:\Program Files\Intel\WiFi\bin\;C:\Program Files\Common Files\Intel\WirelessCommon\;C:\Program Files (x86)\Common Files\lenovo\easyplussdk\bin;&quot;C:\Program Files (x86)\MySQL\MySQL Fabric 1.5 &amp; MySQL Utilities 1.5&quot;;C:\Program Files\Apache Software Foundation\apache-maven-3.3.9\bin;C:\Program Files (x86)\Skype\Phone\;C:\Program Files\Java\jdk1.8.0_72\bin;C:\ProgramData\Microsoft\Windows\Start Menu\Programs\;C:\WINDOWS\system32\config\systemprofile\.dnx\bin;C:\Program Files\Microsoft DNX\Dnvm\;C:\Building\WebDriver\eclipse-jee-mars-1-win32-x86_64;;."/>
    <property name="java.specification.name" value="Java Platform API Specification"/>
    <property name="java.class.version" value="52.0"/>
    <property name="sun.management.compiler" value="HotSpot 64-Bit Tiered Compilers"/>
    <property name="os.version" value="10.0"/>
    <property name="user.home" value="C:\Users\Anand"/>
    <property name="user.timezone" value="America/New_York"/>
    <property name="java.awt.printerjob" value="sun.awt.windows.WPrinterJob"/>
    <property name="java.specification.version" value="1.8"/>
    <property name="file.encoding" value="Cp1252"/>
    <property name="user.name" value="Anand"/>
    <property name="java.class.path" value="/C:/Building/WebDriver/eclipse-jee-mars-1-win32-x86_64/plugins/org.eclipse.m2e.maven.runtime_1.6.2.20150902-0001/jars/plexus-classworlds-2.5.2.jar"/>
    <property name="java.vm.specification.version" value="1.8"/>
    <property name="sun.arch.data.model" value="64"/>
    <property name="java.home" value="C:\Program Files\Java\jdk1.8.0_72\jre"/>
    <property name="sun.java.command" value="org.codehaus.plexus.classworlds.launcher.Launcher -B install"/>
    <property name="java.specification.vendor" value="Oracle Corporation"/>
    <property name="user.language" value="en"/>
    <property name="awt.toolkit" value="sun.awt.windows.WToolkit"/>
    <property name="java.vm.info" value="mixed mode"/>
    <property name="java.version" value="1.8.0_72"/>
    <property name="java.ext.dirs" value="C:\Program Files\Java\jdk1.8.0_72\jre\lib\ext;C:\WINDOWS\Sun\Java\lib\ext"/>
    <property name="sun.boot.class.path" value="C:\Program Files\Java\jdk1.8.0_72\jre\lib\resources.jar;C:\Program Files\Java\jdk1.8.0_72\jre\lib\rt.jar;C:\Program Files\Java\jdk1.8.0_72\jre\lib\sunrsasign.jar;C:\Program Files\Java\jdk1.8.0_72\jre\lib\jsse.jar;C:\Program Files\Java\jdk1.8.0_72\jre\lib\jce.jar;C:\Program Files\Java\jdk1.8.0_72\jre\lib\charsets.jar;C:\Program Files\Java\jdk1.8.0_72\jre\lib\jfr.jar;C:\Program Files\Java\jdk1.8.0_72\jre\classes"/>
    <property name="java.vendor" value="Oracle Corporation"/>
    <property name="maven.home" value="C:\Users\Anand\workspace\Matching\EMBEDDED"/>
    <property name="file.separator" value="\"/>
    <property name="java.vendor.url.bug" value="http://bugreport.sun.com/bugreport/"/>
    <property name="sun.cpu.endian" value="little"/>
    <property name="sun.io.unicode.encoding" value="UnicodeLittle"/>
    <property name="sun.desktop" value="windows"/>
    <property name="sun.cpu.isalist" value="amd64"/>
  </properties>
  <testcase name="LogIn" classname="RegistarionLogInTest" time="29.512">
    <failure message="Unable to locate element: {&quot;method&quot;:&quot;xpath&quot;,&quot;selector&quot;:&quot;//*[@id=&apos;app&apos;]/div/div[1]/header/nav/ul[2]/li[1]/a/img&quot;}&#10;Command duration or timeout: 10.79 seconds&#10;For documentation on this error, please visit: http://seleniumhq.org/exceptions/no_such_element.html&#10;Build info: version: &apos;2.52.0&apos;, revision: &apos;4c2593cfc3689a7fcd7be52549167e5ccc93ad28&apos;, time: &apos;2016-02-11 11:22:43&apos;&#10;System info: host: &apos;anand-usa&apos;, ip: &apos;192.168.1.23&apos;, os.name: &apos;Windows 10&apos;, os.arch: &apos;amd64&apos;, os.version: &apos;10.0&apos;, java.version: &apos;1.8.0_72&apos;&#10;Driver info: org.openqa.selenium.firefox.FirefoxDriver&#10;Capabilities [{applicationCacheEnabled=true, rotatable=false, handlesAlerts=true, databaseEnabled=true, version=44.0.2, platform=WINDOWS, nativeEvents=false, acceptSslCerts=true, webStorageEnabled=true, locationContextEnabled=true, browserName=firefox, takesScreenshot=true, javascriptEnabled=true, cssSelectorsEnabled=true}]&#10;Session ID: aad8e126-e0de-43ff-979f-a00a343ba47b&#10;*** Element info: {Using=xpath, value=//*[@id=&apos;app&apos;]/div/div[1]/header/nav/ul[2]/li[1]/a/img}" type="org.openqa.selenium.NoSuchElementException"><![CDATA[org.openqa.selenium.NoSuchElementException: Unable to locate element: {"method":"xpath","selector":"//*[@id='app']/div/div[1]/header/nav/ul[2]/li[1]/a/img"}
Command duration or timeout: 10.79 seconds
For documentation on this error, please visit: http://seleniumhq.org/exceptions/no_such_element.html
Build info: version: '2.52.0', revision: '4c2593cfc3689a7fcd7be52549167e5ccc93ad28', time: '2016-02-11 11:22:43'
System info: host: 'anand-usa', ip: '192.168.1.23', os.name: 'Windows 10', os.arch: 'amd64', os.version: '10.0', java.version: '1.8.0_72'
Driver info: org.openqa.selenium.firefox.FirefoxDriver
Capabilities [{applicationCacheEnabled=true, rotatable=false, handlesAlerts=true, databaseEnabled=true, version=44.0.2, platform=WINDOWS, nativeEvents=false, acceptSslCerts=true, webStorageEnabled=true, locationContextEnabled=true, browserName=firefox, takesScreenshot=true, javascriptEnabled=true, cssSelectorsEnabled=true}]
Session ID: aad8e126-e0de-43ff-979f-a00a343ba47b
*** Element info: {Using=xpath, value=//*[@id='app']/div/div[1]/header/nav/ul[2]/li[1]/a/img}
	at sun.reflect.NativeConstructorAccessorImpl.newInstance0(Native Method)
	at sun.reflect.NativeConstructorAccessorImpl.newInstance(NativeConstructorAccessorImpl.java:62)
	at sun.reflect.DelegatingConstructorAccessorImpl.newInstance(DelegatingConstructorAccessorImpl.java:45)
	at java.lang.reflect.Constructor.newInstance(Constructor.java:423)
	at org.openqa.selenium.remote.ErrorHandler.createThrowable(ErrorHandler.java:206)
	at org.openqa.selenium.remote.ErrorHandler.throwIfResponseFailed(ErrorHandler.java:158)
	at org.openqa.selenium.remote.RemoteWebDriver.execute(RemoteWebDriver.java:678)
	at org.openqa.selenium.remote.RemoteWebDriver.findElement(RemoteWebDriver.java:363)
	at org.openqa.selenium.remote.RemoteWebDriver.findElementByXPath(RemoteWebDriver.java:500)
	at org.openqa.selenium.By$ByXPath.findElement(By.java:361)
	at org.openqa.selenium.remote.RemoteWebDriver.findElement(RemoteWebDriver.java:355)
	at com.user.reg.UserRegistration.compareUnkownImage(UserRegistration.java:88)
	at com.user.reg.UserRegistration.LogIn(UserRegistration.java:72)
	at RegistarionLogInTest.LogIn(RegistarionLogInTest.java:17)
Caused by: org.openqa.selenium.NoSuchElementException: Unable to locate element: {"method":"xpath","selector":"//*[@id='app']/div/div[1]/header/nav/ul[2]/li[1]/a/img"}
For documentation on this error, please visit: http://seleniumhq.org/exceptions/no_such_element.html
Build info: version: '2.52.0', revision: '4c2593cfc3689a7fcd7be52549167e5ccc93ad28', time: '2016-02-11 11:22:43'
System info: host: 'anand-usa', ip: '192.168.1.23', os.name: 'Windows 10', os.arch: 'amd64', os.version: '10.0', java.version: '1.8.0_72'
Driver info: driver.version: unknown
	at <anonymous class>.FirefoxDriver.prototype.findElementInternal_(file:///C:/Users/Anand/AppData/Local/Temp/anonymous5310321808136605webdriver-profile/extensions/fxdriver@googlecode.com/components/driver-component.js:10723)
	at <anonymous class>.fxdriver.Timer.prototype.setTimeout/<.notify(file:///C:/Users/Anand/AppData/Local/Temp/anonymous5310321808136605webdriver-profile/extensions/fxdriver@googlecode.com/components/driver-component.js:623)
]]></failure>
    <system-out><![CDATA[key is browserType value is FF
key is emailID value is KK_1540k91900103@gmail.com
key is userName value is Pete
2016-03-08 13:07:46 INFO  UserRegistration:66 - ----Calling-----getName
2016-03-08 13:07:54 DEBUG RequestAddCookies:122 - CookieSpec selected: default
2016-03-08 13:07:54 DEBUG RequestAuthCache:76 - Auth cache not set in the context
2016-03-08 13:07:54 DEBUG PoolingHttpClientConnectionManager:249 - Connection request: [route: {}->http://127.0.0.1:7055][total kept alive: 0; route allocated: 0 of 2000; total allocated: 0 of 2000]
2016-03-08 13:07:54 DEBUG PoolingHttpClientConnectionManager:282 - Connection leased: [id: 0][route: {}->http://127.0.0.1:7055][total kept alive: 0; route allocated: 1 of 2000; total allocated: 1 of 2000]
2016-03-08 13:07:54 DEBUG MainClientExec:234 - Opening connection {}->http://127.0.0.1:7055
2016-03-08 13:07:54 DEBUG DefaultHttpClientConnectionOperator:131 - Connecting to /127.0.0.1:7055
2016-03-08 13:07:54 DEBUG DefaultHttpClientConnectionOperator:138 - Connection established 127.0.0.1:62132<->127.0.0.1:7055
2016-03-08 13:07:54 DEBUG DefaultManagedHttpClientConnection:90 - http-outgoing-0: set socket timeout to 10800000
2016-03-08 13:07:54 DEBUG MainClientExec:255 - Executing request POST /hub/session HTTP/1.1
2016-03-08 13:07:54 DEBUG MainClientExec:260 - Target auth state: UNCHALLENGED
2016-03-08 13:07:54 DEBUG MainClientExec:266 - Proxy auth state: UNCHALLENGED
2016-03-08 13:07:54 DEBUG headers:135 - http-outgoing-0 >> POST /hub/session HTTP/1.1
2016-03-08 13:07:54 DEBUG headers:138 - http-outgoing-0 >> Content-Type: application/json; charset=utf-8
2016-03-08 13:07:54 DEBUG headers:138 - http-outgoing-0 >> Content-Length: 105
2016-03-08 13:07:54 DEBUG headers:138 - http-outgoing-0 >> Host: 127.0.0.1:7055
2016-03-08 13:07:54 DEBUG headers:138 - http-outgoing-0 >> Connection: Keep-Alive
2016-03-08 13:07:54 DEBUG headers:138 - http-outgoing-0 >> User-Agent: Apache-HttpClient/4.5.1 (Java/1.8.0_72)
2016-03-08 13:07:54 DEBUG headers:138 - http-outgoing-0 >> Accept-Encoding: gzip,deflate
2016-03-08 13:07:54 DEBUG wire:72 - http-outgoing-0 >> "POST /hub/session HTTP/1.1[\r][\n]"
2016-03-08 13:07:54 DEBUG wire:72 - http-outgoing-0 >> "Content-Type: application/json; charset=utf-8[\r][\n]"
2016-03-08 13:07:54 DEBUG wire:72 - http-outgoing-0 >> "Content-Length: 105[\r][\n]"
2016-03-08 13:07:54 DEBUG wire:72 - http-outgoing-0 >> "Host: 127.0.0.1:7055[\r][\n]"
2016-03-08 13:07:54 DEBUG wire:72 - http-outgoing-0 >> "Connection: Keep-Alive[\r][\n]"
2016-03-08 13:07:54 DEBUG wire:72 - http-outgoing-0 >> "User-Agent: Apache-HttpClient/4.5.1 (Java/1.8.0_72)[\r][\n]"
2016-03-08 13:07:54 DEBUG wire:72 - http-outgoing-0 >> "Accept-Encoding: gzip,deflate[\r][\n]"
2016-03-08 13:07:54 DEBUG wire:72 - http-outgoing-0 >> "[\r][\n]"
2016-03-08 13:07:54 DEBUG wire:86 - http-outgoing-0 >> "{"desiredCapabilities":{"browserName":"firefox","version":"","platform":"ANY"},"requiredCapabilities":{}}"
2016-03-08 13:07:55 DEBUG wire:72 - http-outgoing-0 << "HTTP/1.1 200 OK[\r][\n]"
2016-03-08 13:07:55 DEBUG wire:72 - http-outgoing-0 << "content-type: application/json; charset=UTF-8[\r][\n]"
2016-03-08 13:07:55 DEBUG wire:72 - http-outgoing-0 << "connection: close[\r][\n]"
2016-03-08 13:07:55 DEBUG wire:72 - http-outgoing-0 << "content-length: 423[\r][\n]"
2016-03-08 13:07:55 DEBUG wire:72 - http-outgoing-0 << "server: httpd.js[\r][\n]"
2016-03-08 13:07:55 DEBUG wire:72 - http-outgoing-0 << "date: Tue, 08 Mar 2016 18:07:55 GMT[\r][\n]"
2016-03-08 13:07:55 DEBUG wire:72 - http-outgoing-0 << "[\r][\n]"
2016-03-08 13:07:55 DEBUG headers:124 - http-outgoing-0 << HTTP/1.1 200 OK
2016-03-08 13:07:55 DEBUG headers:127 - http-outgoing-0 << content-type: application/json; charset=UTF-8
2016-03-08 13:07:55 DEBUG headers:127 - http-outgoing-0 << connection: close
2016-03-08 13:07:55 DEBUG headers:127 - http-outgoing-0 << content-length: 423
2016-03-08 13:07:55 DEBUG headers:127 - http-outgoing-0 << server: httpd.js
2016-03-08 13:07:55 DEBUG headers:127 - http-outgoing-0 << date: Tue, 08 Mar 2016 18:07:55 GMT
2016-03-08 13:07:55 DEBUG wire:86 - http-outgoing-0 << "{"name":"newSession","sessionId":"aad8e126-e0de-43ff-979f-a00a343ba47b","status":0,"value":{"cssSelectorsEnabled":true,"browserName":"firefox","handlesAlerts":true,"javascriptEnabled":true,"nativeEvents":false,"platform":"WINDOWS","rotatable":false,"takesScreenshot":true,"version":"44.0.2","webStorageEnabled":true,"applicationCacheEnabled":true,"databaseEnabled":true,"locationContextEnabled":true,"acceptSslCerts":true}}"
2016-03-08 13:07:55 DEBUG DefaultManagedHttpClientConnection:81 - http-outgoing-0: Close connection
2016-03-08 13:07:55 DEBUG MainClientExec:103 - Connection discarded
2016-03-08 13:07:55 DEBUG PoolingHttpClientConnectionManager:320 - Connection released: [id: 0][route: {}->http://127.0.0.1:7055][total kept alive: 0; route allocated: 0 of 2000; total allocated: 0 of 2000]
2016-03-08 13:07:55 INFO  UserRegistration:591 - ----Calling-----getName
2016-03-08 13:07:55 DEBUG RequestAddCookies:122 - CookieSpec selected: default
2016-03-08 13:07:55 DEBUG RequestAuthCache:76 - Auth cache not set in the context
2016-03-08 13:07:55 DEBUG PoolingHttpClientConnectionManager:249 - Connection request: [route: {}->http://127.0.0.1:7055][total kept alive: 0; route allocated: 0 of 2000; total allocated: 0 of 2000]
2016-03-08 13:07:55 DEBUG PoolingHttpClientConnectionManager:282 - Connection leased: [id: 1][route: {}->http://127.0.0.1:7055][total kept alive: 0; route allocated: 1 of 2000; total allocated: 1 of 2000]
2016-03-08 13:07:55 DEBUG MainClientExec:234 - Opening connection {}->http://127.0.0.1:7055
2016-03-08 13:07:55 DEBUG DefaultHttpClientConnectionOperator:131 - Connecting to /127.0.0.1:7055
2016-03-08 13:07:55 DEBUG DefaultHttpClientConnectionOperator:138 - Connection established 127.0.0.1:62135<->127.0.0.1:7055
2016-03-08 13:07:55 DEBUG DefaultManagedHttpClientConnection:90 - http-outgoing-1: set socket timeout to 10800000
2016-03-08 13:07:55 DEBUG MainClientExec:255 - Executing request POST /hub/session/aad8e126-e0de-43ff-979f-a00a343ba47b/url HTTP/1.1
2016-03-08 13:07:55 DEBUG MainClientExec:260 - Target auth state: UNCHALLENGED
2016-03-08 13:07:55 DEBUG MainClientExec:266 - Proxy auth state: UNCHALLENGED
2016-03-08 13:07:55 DEBUG headers:135 - http-outgoing-1 >> POST /hub/session/aad8e126-e0de-43ff-979f-a00a343ba47b/url HTTP/1.1
2016-03-08 13:07:55 DEBUG headers:138 - http-outgoing-1 >> Content-Type: application/json; charset=utf-8
2016-03-08 13:07:55 DEBUG headers:138 - http-outgoing-1 >> Content-Length: 31
2016-03-08 13:07:55 DEBUG headers:138 - http-outgoing-1 >> Host: 127.0.0.1:7055
2016-03-08 13:07:55 DEBUG headers:138 - http-outgoing-1 >> Connection: Keep-Alive
2016-03-08 13:07:55 DEBUG headers:138 - http-outgoing-1 >> User-Agent: Apache-HttpClient/4.5.1 (Java/1.8.0_72)
2016-03-08 13:07:55 DEBUG headers:138 - http-outgoing-1 >> Accept-Encoding: gzip,deflate
2016-03-08 13:07:55 DEBUG wire:72 - http-outgoing-1 >> "POST /hub/session/aad8e126-e0de-43ff-979f-a00a343ba47b/url HTTP/1.1[\r][\n]"
2016-03-08 13:07:55 DEBUG wire:72 - http-outgoing-1 >> "Content-Type: application/json; charset=utf-8[\r][\n]"
2016-03-08 13:07:55 DEBUG wire:72 - http-outgoing-1 >> "Content-Length: 31[\r][\n]"
2016-03-08 13:07:55 DEBUG wire:72 - http-outgoing-1 >> "Host: 127.0.0.1:7055[\r][\n]"
2016-03-08 13:07:55 DEBUG wire:72 - http-outgoing-1 >> "Connection: Keep-Alive[\r][\n]"
2016-03-08 13:07:55 DEBUG wire:72 - http-outgoing-1 >> "User-Agent: Apache-HttpClient/4.5.1 (Java/1.8.0_72)[\r][\n]"
2016-03-08 13:07:55 DEBUG wire:72 - http-outgoing-1 >> "Accept-Encoding: gzip,deflate[\r][\n]"
2016-03-08 13:07:55 DEBUG wire:72 - http-outgoing-1 >> "[\r][\n]"
2016-03-08 13:07:55 DEBUG wire:86 - http-outgoing-1 >> "{"url":"http://www.match.com/"}"
2016-03-08 13:07:58 DEBUG wire:72 - http-outgoing-1 << "HTTP/1.1 200 OK[\r][\n]"
2016-03-08 13:07:58 DEBUG wire:72 - http-outgoing-1 << "content-type: application/json; charset=UTF-8[\r][\n]"
2016-03-08 13:07:58 DEBUG wire:72 - http-outgoing-1 << "connection: close[\r][\n]"
2016-03-08 13:07:58 DEBUG wire:72 - http-outgoing-1 << "content-length: 87[\r][\n]"
2016-03-08 13:07:58 DEBUG wire:72 - http-outgoing-1 << "server: httpd.js[\r][\n]"
2016-03-08 13:07:58 DEBUG wire:72 - http-outgoing-1 << "date: Tue, 08 Mar 2016 18:07:58 GMT[\r][\n]"
2016-03-08 13:07:58 DEBUG wire:72 - http-outgoing-1 << "[\r][\n]"
2016-03-08 13:07:58 DEBUG headers:124 - http-outgoing-1 << HTTP/1.1 200 OK
2016-03-08 13:07:58 DEBUG headers:127 - http-outgoing-1 << content-type: application/json; charset=UTF-8
2016-03-08 13:07:58 DEBUG headers:127 - http-outgoing-1 << connection: close
2016-03-08 13:07:58 DEBUG headers:127 - http-outgoing-1 << content-length: 87
2016-03-08 13:07:58 DEBUG headers:127 - http-outgoing-1 << server: httpd.js
2016-03-08 13:07:58 DEBUG headers:127 - http-outgoing-1 << date: Tue, 08 Mar 2016 18:07:58 GMT
2016-03-08 13:07:58 DEBUG wire:86 - http-outgoing-1 << "{"name":"get","sessionId":"aad8e126-e0de-43ff-979f-a00a343ba47b","status":0,"value":""}"
2016-03-08 13:07:58 DEBUG DefaultManagedHttpClientConnection:81 - http-outgoing-1: Close connection
2016-03-08 13:07:58 DEBUG MainClientExec:103 - Connection discarded
2016-03-08 13:07:58 DEBUG PoolingHttpClientConnectionManager:320 - Connection released: [id: 1][route: {}->http://127.0.0.1:7055][total kept alive: 0; route allocated: 0 of 2000; total allocated: 0 of 2000]
2016-03-08 13:07:58 DEBUG RequestAddCookies:122 - CookieSpec selected: default
2016-03-08 13:07:58 DEBUG RequestAuthCache:76 - Auth cache not set in the context
2016-03-08 13:07:58 DEBUG PoolingHttpClientConnectionManager:249 - Connection request: [route: {}->http://127.0.0.1:7055][total kept alive: 0; route allocated: 0 of 2000; total allocated: 0 of 2000]
2016-03-08 13:07:58 DEBUG PoolingHttpClientConnectionManager:282 - Connection leased: [id: 2][route: {}->http://127.0.0.1:7055][total kept alive: 0; route allocated: 1 of 2000; total allocated: 1 of 2000]
2016-03-08 13:07:58 DEBUG MainClientExec:234 - Opening connection {}->http://127.0.0.1:7055
2016-03-08 13:07:58 DEBUG DefaultHttpClientConnectionOperator:131 - Connecting to /127.0.0.1:7055
2016-03-08 13:07:58 DEBUG DefaultHttpClientConnectionOperator:138 - Connection established 127.0.0.1:62207<->127.0.0.1:7055
2016-03-08 13:07:58 DEBUG DefaultManagedHttpClientConnection:90 - http-outgoing-2: set socket timeout to 10800000
2016-03-08 13:07:58 DEBUG MainClientExec:255 - Executing request GET /hub/session/aad8e126-e0de-43ff-979f-a00a343ba47b/title HTTP/1.1
2016-03-08 13:07:58 DEBUG MainClientExec:260 - Target auth state: UNCHALLENGED
2016-03-08 13:07:58 DEBUG MainClientExec:266 - Proxy auth state: UNCHALLENGED
2016-03-08 13:07:58 DEBUG headers:135 - http-outgoing-2 >> GET /hub/session/aad8e126-e0de-43ff-979f-a00a343ba47b/title HTTP/1.1
2016-03-08 13:07:58 DEBUG headers:138 - http-outgoing-2 >> Cache-Control: no-cache
2016-03-08 13:07:58 DEBUG headers:138 - http-outgoing-2 >> Host: 127.0.0.1:7055
2016-03-08 13:07:58 DEBUG headers:138 - http-outgoing-2 >> Connection: Keep-Alive
2016-03-08 13:07:58 DEBUG headers:138 - http-outgoing-2 >> User-Agent: Apache-HttpClient/4.5.1 (Java/1.8.0_72)
2016-03-08 13:07:58 DEBUG headers:138 - http-outgoing-2 >> Accept-Encoding: gzip,deflate
2016-03-08 13:07:58 DEBUG wire:72 - http-outgoing-2 >> "GET /hub/session/aad8e126-e0de-43ff-979f-a00a343ba47b/title HTTP/1.1[\r][\n]"
2016-03-08 13:07:58 DEBUG wire:72 - http-outgoing-2 >> "Cache-Control: no-cache[\r][\n]"
2016-03-08 13:07:58 DEBUG wire:72 - http-outgoing-2 >> "Host: 127.0.0.1:7055[\r][\n]"
2016-03-08 13:07:58 DEBUG wire:72 - http-outgoing-2 >> "Connection: Keep-Alive[\r][\n]"
2016-03-08 13:07:58 DEBUG wire:72 - http-outgoing-2 >> "User-Agent: Apache-HttpClient/4.5.1 (Java/1.8.0_72)[\r][\n]"
2016-03-08 13:07:58 DEBUG wire:72 - http-outgoing-2 >> "Accept-Encoding: gzip,deflate[\r][\n]"
2016-03-08 13:07:58 DEBUG wire:72 - http-outgoing-2 >> "[\r][\n]"
2016-03-08 13:07:58 DEBUG wire:72 - http-outgoing-2 << "HTTP/1.1 200 OK[\r][\n]"
2016-03-08 13:07:58 DEBUG wire:72 - http-outgoing-2 << "content-type: application/json; charset=UTF-8[\r][\n]"
2016-03-08 13:07:58 DEBUG wire:72 - http-outgoing-2 << "connection: close[\r][\n]"
2016-03-08 13:07:58 DEBUG wire:72 - http-outgoing-2 << "content-length: 172[\r][\n]"
2016-03-08 13:07:58 DEBUG wire:72 - http-outgoing-2 << "server: httpd.js[\r][\n]"
2016-03-08 13:07:58 DEBUG wire:72 - http-outgoing-2 << "date: Tue, 08 Mar 2016 18:07:58 GMT[\r][\n]"
2016-03-08 13:07:58 DEBUG wire:72 - http-outgoing-2 << "[\r][\n]"
2016-03-08 13:07:58 DEBUG headers:124 - http-outgoing-2 << HTTP/1.1 200 OK
2016-03-08 13:07:58 DEBUG headers:127 - http-outgoing-2 << content-type: application/json; charset=UTF-8
2016-03-08 13:07:58 DEBUG headers:127 - http-outgoing-2 << connection: close
2016-03-08 13:07:58 DEBUG headers:127 - http-outgoing-2 << content-length: 172
2016-03-08 13:07:58 DEBUG headers:127 - http-outgoing-2 << server: httpd.js
2016-03-08 13:07:58 DEBUG headers:127 - http-outgoing-2 << date: Tue, 08 Mar 2016 18:07:58 GMT
2016-03-08 13:07:58 DEBUG wire:86 - http-outgoing-2 << "{"name":"getTitle","sessionId":"aad8e126-e0de-43ff-979f-a00a343ba47b","status":0,"value":"Match.com[0xc2][0xae] | The Leading Online Dating Site for Singles & Personals : Match.com"}"
2016-03-08 13:07:58 DEBUG DefaultManagedHttpClientConnection:81 - http-outgoing-2: Close connection
2016-03-08 13:07:58 DEBUG MainClientExec:103 - Connection discarded
2016-03-08 13:07:58 DEBUG PoolingHttpClientConnectionManager:320 - Connection released: [id: 2][route: {}->http://127.0.0.1:7055][total kept alive: 0; route allocated: 0 of 2000; total allocated: 0 of 2000]
2016-03-08 13:07:58 INFO  UserRegistration:595 -  The page title is Match.com® | The Leading Online Dating Site for Singles & Personals : Match.com
2016-03-08 13:07:58 INFO  UserRegistration:583 - ----Calling-----maximizePage
2016-03-08 13:07:58 DEBUG RequestAddCookies:122 - CookieSpec selected: default
2016-03-08 13:07:58 DEBUG RequestAuthCache:76 - Auth cache not set in the context
2016-03-08 13:07:58 DEBUG PoolingHttpClientConnectionManager:249 - Connection request: [route: {}->http://127.0.0.1:7055][total kept alive: 0; route allocated: 0 of 2000; total allocated: 0 of 2000]
2016-03-08 13:07:58 DEBUG PoolingHttpClientConnectionManager:282 - Connection leased: [id: 3][route: {}->http://127.0.0.1:7055][total kept alive: 0; route allocated: 1 of 2000; total allocated: 1 of 2000]
2016-03-08 13:07:58 DEBUG MainClientExec:234 - Opening connection {}->http://127.0.0.1:7055
2016-03-08 13:07:58 DEBUG DefaultHttpClientConnectionOperator:131 - Connecting to /127.0.0.1:7055
2016-03-08 13:07:58 DEBUG DefaultHttpClientConnectionOperator:138 - Connection established 127.0.0.1:62209<->127.0.0.1:7055
2016-03-08 13:07:58 DEBUG DefaultManagedHttpClientConnection:90 - http-outgoing-3: set socket timeout to 10800000
2016-03-08 13:07:58 DEBUG MainClientExec:255 - Executing request POST /hub/session/aad8e126-e0de-43ff-979f-a00a343ba47b/window/current/maximize HTTP/1.1
2016-03-08 13:07:58 DEBUG MainClientExec:260 - Target auth state: UNCHALLENGED
2016-03-08 13:07:58 DEBUG MainClientExec:266 - Proxy auth state: UNCHALLENGED
2016-03-08 13:07:58 DEBUG headers:135 - http-outgoing-3 >> POST /hub/session/aad8e126-e0de-43ff-979f-a00a343ba47b/window/current/maximize HTTP/1.1
2016-03-08 13:07:58 DEBUG headers:138 - http-outgoing-3 >> Content-Type: application/json; charset=utf-8
2016-03-08 13:07:58 DEBUG headers:138 - http-outgoing-3 >> Content-Length: 26
2016-03-08 13:07:58 DEBUG headers:138 - http-outgoing-3 >> Host: 127.0.0.1:7055
2016-03-08 13:07:58 DEBUG headers:138 - http-outgoing-3 >> Connection: Keep-Alive
2016-03-08 13:07:58 DEBUG headers:138 - http-outgoing-3 >> User-Agent: Apache-HttpClient/4.5.1 (Java/1.8.0_72)
2016-03-08 13:07:58 DEBUG headers:138 - http-outgoing-3 >> Accept-Encoding: gzip,deflate
2016-03-08 13:07:58 DEBUG wire:72 - http-outgoing-3 >> "POST /hub/session/aad8e126-e0de-43ff-979f-a00a343ba47b/window/current/maximize HTTP/1.1[\r][\n]"
2016-03-08 13:07:58 DEBUG wire:72 - http-outgoing-3 >> "Content-Type: application/json; charset=utf-8[\r][\n]"
2016-03-08 13:07:58 DEBUG wire:72 - http-outgoing-3 >> "Content-Length: 26[\r][\n]"
2016-03-08 13:07:58 DEBUG wire:72 - http-outgoing-3 >> "Host: 127.0.0.1:7055[\r][\n]"
2016-03-08 13:07:58 DEBUG wire:72 - http-outgoing-3 >> "Connection: Keep-Alive[\r][\n]"
2016-03-08 13:07:58 DEBUG wire:72 - http-outgoing-3 >> "User-Agent: Apache-HttpClient/4.5.1 (Java/1.8.0_72)[\r][\n]"
2016-03-08 13:07:58 DEBUG wire:72 - http-outgoing-3 >> "Accept-Encoding: gzip,deflate[\r][\n]"
2016-03-08 13:07:58 DEBUG wire:72 - http-outgoing-3 >> "[\r][\n]"
2016-03-08 13:07:58 DEBUG wire:86 - http-outgoing-3 >> "{"windowHandle":"current"}"
2016-03-08 13:07:58 DEBUG wire:72 - http-outgoing-3 << "HTTP/1.1 200 OK[\r][\n]"
2016-03-08 13:07:58 DEBUG wire:72 - http-outgoing-3 << "content-type: application/json; charset=UTF-8[\r][\n]"
2016-03-08 13:07:58 DEBUG wire:72 - http-outgoing-3 << "connection: close[\r][\n]"
2016-03-08 13:07:58 DEBUG wire:72 - http-outgoing-3 << "content-length: 98[\r][\n]"
2016-03-08 13:07:58 DEBUG wire:72 - http-outgoing-3 << "server: httpd.js[\r][\n]"
2016-03-08 13:07:58 DEBUG wire:72 - http-outgoing-3 << "date: Tue, 08 Mar 2016 18:07:58 GMT[\r][\n]"
2016-03-08 13:07:58 DEBUG wire:72 - http-outgoing-3 << "[\r][\n]"
2016-03-08 13:07:58 DEBUG headers:124 - http-outgoing-3 << HTTP/1.1 200 OK
2016-03-08 13:07:58 DEBUG headers:127 - http-outgoing-3 << content-type: application/json; charset=UTF-8
2016-03-08 13:07:58 DEBUG headers:127 - http-outgoing-3 << connection: close
2016-03-08 13:07:58 DEBUG headers:127 - http-outgoing-3 << content-length: 98
2016-03-08 13:07:58 DEBUG headers:127 - http-outgoing-3 << server: httpd.js
2016-03-08 13:07:58 DEBUG headers:127 - http-outgoing-3 << date: Tue, 08 Mar 2016 18:07:58 GMT
2016-03-08 13:07:58 DEBUG wire:86 - http-outgoing-3 << "{"name":"maximizeWindow","sessionId":"aad8e126-e0de-43ff-979f-a00a343ba47b","status":0,"value":""}"
2016-03-08 13:07:58 DEBUG DefaultManagedHttpClientConnection:81 - http-outgoing-3: Close connection
2016-03-08 13:07:58 DEBUG MainClientExec:103 - Connection discarded
2016-03-08 13:07:58 DEBUG PoolingHttpClientConnectionManager:320 - Connection released: [id: 3][route: {}->http://127.0.0.1:7055][total kept alive: 0; route allocated: 0 of 2000; total allocated: 0 of 2000]
2016-03-08 13:07:58 INFO  UserRegistration:573 - ----Calling-----getName
2016-03-08 13:07:58 DEBUG RequestAddCookies:122 - CookieSpec selected: default
2016-03-08 13:07:58 DEBUG RequestAuthCache:76 - Auth cache not set in the context
2016-03-08 13:07:58 DEBUG PoolingHttpClientConnectionManager:249 - Connection request: [route: {}->http://127.0.0.1:7055][total kept alive: 0; route allocated: 0 of 2000; total allocated: 0 of 2000]
2016-03-08 13:07:58 DEBUG PoolingHttpClientConnectionManager:282 - Connection leased: [id: 4][route: {}->http://127.0.0.1:7055][total kept alive: 0; route allocated: 1 of 2000; total allocated: 1 of 2000]
2016-03-08 13:07:58 DEBUG MainClientExec:234 - Opening connection {}->http://127.0.0.1:7055
2016-03-08 13:07:58 DEBUG DefaultHttpClientConnectionOperator:131 - Connecting to /127.0.0.1:7055
2016-03-08 13:07:58 DEBUG DefaultHttpClientConnectionOperator:138 - Connection established 127.0.0.1:62210<->127.0.0.1:7055
2016-03-08 13:07:58 DEBUG DefaultManagedHttpClientConnection:90 - http-outgoing-4: set socket timeout to 10800000
2016-03-08 13:07:58 DEBUG MainClientExec:255 - Executing request POST /hub/session/aad8e126-e0de-43ff-979f-a00a343ba47b/timeouts HTTP/1.1
2016-03-08 13:07:58 DEBUG MainClientExec:260 - Target auth state: UNCHALLENGED
2016-03-08 13:07:58 DEBUG MainClientExec:266 - Proxy auth state: UNCHALLENGED
2016-03-08 13:07:58 DEBUG headers:135 - http-outgoing-4 >> POST /hub/session/aad8e126-e0de-43ff-979f-a00a343ba47b/timeouts HTTP/1.1
2016-03-08 13:07:58 DEBUG headers:138 - http-outgoing-4 >> Content-Type: application/json; charset=utf-8
2016-03-08 13:07:58 DEBUG headers:138 - http-outgoing-4 >> Content-Length: 30
2016-03-08 13:07:58 DEBUG headers:138 - http-outgoing-4 >> Host: 127.0.0.1:7055
2016-03-08 13:07:58 DEBUG headers:138 - http-outgoing-4 >> Connection: Keep-Alive
2016-03-08 13:07:58 DEBUG headers:138 - http-outgoing-4 >> User-Agent: Apache-HttpClient/4.5.1 (Java/1.8.0_72)
2016-03-08 13:07:58 DEBUG headers:138 - http-outgoing-4 >> Accept-Encoding: gzip,deflate
2016-03-08 13:07:58 DEBUG wire:72 - http-outgoing-4 >> "POST /hub/session/aad8e126-e0de-43ff-979f-a00a343ba47b/timeouts HTTP/1.1[\r][\n]"
2016-03-08 13:07:58 DEBUG wire:72 - http-outgoing-4 >> "Content-Type: application/json; charset=utf-8[\r][\n]"
2016-03-08 13:07:58 DEBUG wire:72 - http-outgoing-4 >> "Content-Length: 30[\r][\n]"
2016-03-08 13:07:58 DEBUG wire:72 - http-outgoing-4 >> "Host: 127.0.0.1:7055[\r][\n]"
2016-03-08 13:07:58 DEBUG wire:72 - http-outgoing-4 >> "Connection: Keep-Alive[\r][\n]"
2016-03-08 13:07:58 DEBUG wire:72 - http-outgoing-4 >> "User-Agent: Apache-HttpClient/4.5.1 (Java/1.8.0_72)[\r][\n]"
2016-03-08 13:07:58 DEBUG wire:72 - http-outgoing-4 >> "Accept-Encoding: gzip,deflate[\r][\n]"
2016-03-08 13:07:58 DEBUG wire:72 - http-outgoing-4 >> "[\r][\n]"
2016-03-08 13:07:58 DEBUG wire:86 - http-outgoing-4 >> "{"type":"implicit","ms":10000}"
2016-03-08 13:07:58 DEBUG wire:72 - http-outgoing-4 << "HTTP/1.1 200 OK[\r][\n]"
2016-03-08 13:07:58 DEBUG wire:72 - http-outgoing-4 << "content-type: application/json; charset=UTF-8[\r][\n]"
2016-03-08 13:07:58 DEBUG wire:72 - http-outgoing-4 << "connection: close[\r][\n]"
2016-03-08 13:07:58 DEBUG wire:72 - http-outgoing-4 << "content-length: 94[\r][\n]"
2016-03-08 13:07:58 DEBUG wire:72 - http-outgoing-4 << "server: httpd.js[\r][\n]"
2016-03-08 13:07:58 DEBUG wire:72 - http-outgoing-4 << "date: Tue, 08 Mar 2016 18:07:58 GMT[\r][\n]"
2016-03-08 13:07:58 DEBUG wire:72 - http-outgoing-4 << "[\r][\n]"
2016-03-08 13:07:58 DEBUG wire:86 - http-outgoing-4 << "{"name":"setTimeout","sessionId":"aad8e126-e0de-43ff-979f-a00a343ba47b","status":0,"value":""}"
2016-03-08 13:07:58 DEBUG headers:124 - http-outgoing-4 << HTTP/1.1 200 OK
2016-03-08 13:07:58 DEBUG headers:127 - http-outgoing-4 << content-type: application/json; charset=UTF-8
2016-03-08 13:07:58 DEBUG headers:127 - http-outgoing-4 << connection: close
2016-03-08 13:07:58 DEBUG headers:127 - http-outgoing-4 << content-length: 94
2016-03-08 13:07:58 DEBUG headers:127 - http-outgoing-4 << server: httpd.js
2016-03-08 13:07:58 DEBUG headers:127 - http-outgoing-4 << date: Tue, 08 Mar 2016 18:07:58 GMT
2016-03-08 13:07:58 DEBUG DefaultManagedHttpClientConnection:81 - http-outgoing-4: Close connection
2016-03-08 13:07:58 DEBUG MainClientExec:103 - Connection discarded
2016-03-08 13:07:58 DEBUG PoolingHttpClientConnectionManager:320 - Connection released: [id: 4][route: {}->http://127.0.0.1:7055][total kept alive: 0; route allocated: 0 of 2000; total allocated: 0 of 2000]
2016-03-08 13:07:58 DEBUG RequestAddCookies:122 - CookieSpec selected: default
2016-03-08 13:07:58 DEBUG RequestAuthCache:76 - Auth cache not set in the context
2016-03-08 13:07:58 DEBUG PoolingHttpClientConnectionManager:249 - Connection request: [route: {}->http://127.0.0.1:7055][total kept alive: 0; route allocated: 0 of 2000; total allocated: 0 of 2000]
2016-03-08 13:07:58 DEBUG PoolingHttpClientConnectionManager:282 - Connection leased: [id: 5][route: {}->http://127.0.0.1:7055][total kept alive: 0; route allocated: 1 of 2000; total allocated: 1 of 2000]
2016-03-08 13:07:58 DEBUG MainClientExec:234 - Opening connection {}->http://127.0.0.1:7055
2016-03-08 13:07:58 DEBUG DefaultHttpClientConnectionOperator:131 - Connecting to /127.0.0.1:7055
2016-03-08 13:07:58 DEBUG DefaultHttpClientConnectionOperator:138 - Connection established 127.0.0.1:62211<->127.0.0.1:7055
2016-03-08 13:07:58 DEBUG DefaultManagedHttpClientConnection:90 - http-outgoing-5: set socket timeout to 10800000
2016-03-08 13:07:58 DEBUG MainClientExec:255 - Executing request POST /hub/session/aad8e126-e0de-43ff-979f-a00a343ba47b/element HTTP/1.1
2016-03-08 13:07:58 DEBUG MainClientExec:260 - Target auth state: UNCHALLENGED
2016-03-08 13:07:58 DEBUG MainClientExec:266 - Proxy auth state: UNCHALLENGED
2016-03-08 13:07:58 DEBUG headers:135 - http-outgoing-5 >> POST /hub/session/aad8e126-e0de-43ff-979f-a00a343ba47b/element HTTP/1.1
2016-03-08 13:07:58 DEBUG headers:138 - http-outgoing-5 >> Content-Type: application/json; charset=utf-8
2016-03-08 13:07:58 DEBUG headers:138 - http-outgoing-5 >> Content-Length: 49
2016-03-08 13:07:58 DEBUG headers:138 - http-outgoing-5 >> Host: 127.0.0.1:7055
2016-03-08 13:07:58 DEBUG headers:138 - http-outgoing-5 >> Connection: Keep-Alive
2016-03-08 13:07:58 DEBUG headers:138 - http-outgoing-5 >> User-Agent: Apache-HttpClient/4.5.1 (Java/1.8.0_72)
2016-03-08 13:07:58 DEBUG headers:138 - http-outgoing-5 >> Accept-Encoding: gzip,deflate
2016-03-08 13:07:58 DEBUG wire:72 - http-outgoing-5 >> "POST /hub/session/aad8e126-e0de-43ff-979f-a00a343ba47b/element HTTP/1.1[\r][\n]"
2016-03-08 13:07:58 DEBUG wire:72 - http-outgoing-5 >> "Content-Type: application/json; charset=utf-8[\r][\n]"
2016-03-08 13:07:58 DEBUG wire:72 - http-outgoing-5 >> "Content-Length: 49[\r][\n]"
2016-03-08 13:07:58 DEBUG wire:72 - http-outgoing-5 >> "Host: 127.0.0.1:7055[\r][\n]"
2016-03-08 13:07:58 DEBUG wire:72 - http-outgoing-5 >> "Connection: Keep-Alive[\r][\n]"
2016-03-08 13:07:58 DEBUG wire:72 - http-outgoing-5 >> "User-Agent: Apache-HttpClient/4.5.1 (Java/1.8.0_72)[\r][\n]"
2016-03-08 13:07:58 DEBUG wire:72 - http-outgoing-5 >> "Accept-Encoding: gzip,deflate[\r][\n]"
2016-03-08 13:07:58 DEBUG wire:72 - http-outgoing-5 >> "[\r][\n]"
2016-03-08 13:07:58 DEBUG wire:86 - http-outgoing-5 >> "{"using":"link text","value":"Member Sign In [0xc2][0xbb]"}"
2016-03-08 13:07:58 DEBUG wire:72 - http-outgoing-5 << "HTTP/1.1 200 OK[\r][\n]"
2016-03-08 13:07:58 DEBUG wire:72 - http-outgoing-5 << "content-type: application/json; charset=UTF-8[\r][\n]"
2016-03-08 13:07:58 DEBUG wire:72 - http-outgoing-5 << "connection: close[\r][\n]"
2016-03-08 13:07:58 DEBUG wire:72 - http-outgoing-5 << "content-length: 224[\r][\n]"
2016-03-08 13:07:58 DEBUG wire:72 - http-outgoing-5 << "server: httpd.js[\r][\n]"
2016-03-08 13:07:58 DEBUG wire:72 - http-outgoing-5 << "date: Tue, 08 Mar 2016 18:07:58 GMT[\r][\n]"
2016-03-08 13:07:58 DEBUG wire:72 - http-outgoing-5 << "[\r][\n]"
2016-03-08 13:07:58 DEBUG headers:124 - http-outgoing-5 << HTTP/1.1 200 OK
2016-03-08 13:07:58 DEBUG headers:127 - http-outgoing-5 << content-type: application/json; charset=UTF-8
2016-03-08 13:07:58 DEBUG headers:127 - http-outgoing-5 << connection: close
2016-03-08 13:07:58 DEBUG headers:127 - http-outgoing-5 << content-length: 224
2016-03-08 13:07:58 DEBUG headers:127 - http-outgoing-5 << server: httpd.js
2016-03-08 13:07:58 DEBUG headers:127 - http-outgoing-5 << date: Tue, 08 Mar 2016 18:07:58 GMT
2016-03-08 13:07:58 DEBUG wire:86 - http-outgoing-5 << "{"name":"findElement","sessionId":"aad8e126-e0de-43ff-979f-a00a343ba47b","status":0,"value":{"ELEMENT":"{1cc7731d-59b3-4862-8c33-06d0e9f76979}","element-6066-11e4-a52e-4f735466cecf":"{1cc7731d-59b3-4862-8c33-06d0e9f76979}"}}"
2016-03-08 13:07:58 DEBUG DefaultManagedHttpClientConnection:81 - http-outgoing-5: Close connection
2016-03-08 13:07:58 DEBUG MainClientExec:103 - Connection discarded
2016-03-08 13:07:58 DEBUG PoolingHttpClientConnectionManager:320 - Connection released: [id: 5][route: {}->http://127.0.0.1:7055][total kept alive: 0; route allocated: 0 of 2000; total allocated: 0 of 2000]
2016-03-08 13:07:58 DEBUG RequestAddCookies:122 - CookieSpec selected: default
2016-03-08 13:07:58 DEBUG RequestAuthCache:76 - Auth cache not set in the context
2016-03-08 13:07:58 DEBUG PoolingHttpClientConnectionManager:249 - Connection request: [route: {}->http://127.0.0.1:7055][total kept alive: 0; route allocated: 0 of 2000; total allocated: 0 of 2000]
2016-03-08 13:07:58 DEBUG PoolingHttpClientConnectionManager:282 - Connection leased: [id: 6][route: {}->http://127.0.0.1:7055][total kept alive: 0; route allocated: 1 of 2000; total allocated: 1 of 2000]
2016-03-08 13:07:58 DEBUG MainClientExec:234 - Opening connection {}->http://127.0.0.1:7055
2016-03-08 13:07:58 DEBUG DefaultHttpClientConnectionOperator:131 - Connecting to /127.0.0.1:7055
2016-03-08 13:07:58 DEBUG DefaultHttpClientConnectionOperator:138 - Connection established 127.0.0.1:62212<->127.0.0.1:7055
2016-03-08 13:07:58 DEBUG DefaultManagedHttpClientConnection:90 - http-outgoing-6: set socket timeout to 10800000
2016-03-08 13:07:58 DEBUG MainClientExec:255 - Executing request POST /hub/session/aad8e126-e0de-43ff-979f-a00a343ba47b/element/%7B1cc7731d-59b3-4862-8c33-06d0e9f76979%7D/click HTTP/1.1
2016-03-08 13:07:58 DEBUG MainClientExec:260 - Target auth state: UNCHALLENGED
2016-03-08 13:07:58 DEBUG MainClientExec:266 - Proxy auth state: UNCHALLENGED
2016-03-08 13:07:58 DEBUG headers:135 - http-outgoing-6 >> POST /hub/session/aad8e126-e0de-43ff-979f-a00a343ba47b/element/%7B1cc7731d-59b3-4862-8c33-06d0e9f76979%7D/click HTTP/1.1
2016-03-08 13:07:58 DEBUG headers:138 - http-outgoing-6 >> Content-Type: application/json; charset=utf-8
2016-03-08 13:07:58 DEBUG headers:138 - http-outgoing-6 >> Content-Length: 47
2016-03-08 13:07:58 DEBUG headers:138 - http-outgoing-6 >> Host: 127.0.0.1:7055
2016-03-08 13:07:58 DEBUG headers:138 - http-outgoing-6 >> Connection: Keep-Alive
2016-03-08 13:07:58 DEBUG headers:138 - http-outgoing-6 >> User-Agent: Apache-HttpClient/4.5.1 (Java/1.8.0_72)
2016-03-08 13:07:58 DEBUG headers:138 - http-outgoing-6 >> Accept-Encoding: gzip,deflate
2016-03-08 13:07:58 DEBUG wire:72 - http-outgoing-6 >> "POST /hub/session/aad8e126-e0de-43ff-979f-a00a343ba47b/element/%7B1cc7731d-59b3-4862-8c33-06d0e9f76979%7D/click HTTP/1.1[\r][\n]"
2016-03-08 13:07:58 DEBUG wire:72 - http-outgoing-6 >> "Content-Type: application/json; charset=utf-8[\r][\n]"
2016-03-08 13:07:58 DEBUG wire:72 - http-outgoing-6 >> "Content-Length: 47[\r][\n]"
2016-03-08 13:07:58 DEBUG wire:72 - http-outgoing-6 >> "Host: 127.0.0.1:7055[\r][\n]"
2016-03-08 13:07:58 DEBUG wire:72 - http-outgoing-6 >> "Connection: Keep-Alive[\r][\n]"
2016-03-08 13:07:58 DEBUG wire:72 - http-outgoing-6 >> "User-Agent: Apache-HttpClient/4.5.1 (Java/1.8.0_72)[\r][\n]"
2016-03-08 13:07:58 DEBUG wire:72 - http-outgoing-6 >> "Accept-Encoding: gzip,deflate[\r][\n]"
2016-03-08 13:07:58 DEBUG wire:72 - http-outgoing-6 >> "[\r][\n]"
2016-03-08 13:07:58 DEBUG wire:86 - http-outgoing-6 >> "{"id":"{1cc7731d-59b3-4862-8c33-06d0e9f76979}"}"
2016-03-08 13:08:04 DEBUG wire:72 - http-outgoing-6 << "HTTP/1.1 200 OK[\r][\n]"
2016-03-08 13:08:04 DEBUG wire:72 - http-outgoing-6 << "content-type: application/json; charset=UTF-8[\r][\n]"
2016-03-08 13:08:04 DEBUG wire:72 - http-outgoing-6 << "connection: close[\r][\n]"
2016-03-08 13:08:04 DEBUG wire:72 - http-outgoing-6 << "content-length: 98[\r][\n]"
2016-03-08 13:08:04 DEBUG wire:72 - http-outgoing-6 << "server: httpd.js[\r][\n]"
2016-03-08 13:08:04 DEBUG wire:72 - http-outgoing-6 << "date: Tue, 08 Mar 2016 18:08:04 GMT[\r][\n]"
2016-03-08 13:08:04 DEBUG wire:72 - http-outgoing-6 << "[\r][\n]"
2016-03-08 13:08:04 DEBUG headers:124 - http-outgoing-6 << HTTP/1.1 200 OK
2016-03-08 13:08:04 DEBUG headers:127 - http-outgoing-6 << content-type: application/json; charset=UTF-8
2016-03-08 13:08:04 DEBUG headers:127 - http-outgoing-6 << connection: close
2016-03-08 13:08:04 DEBUG headers:127 - http-outgoing-6 << content-length: 98
2016-03-08 13:08:04 DEBUG headers:127 - http-outgoing-6 << server: httpd.js
2016-03-08 13:08:04 DEBUG headers:127 - http-outgoing-6 << date: Tue, 08 Mar 2016 18:08:04 GMT
2016-03-08 13:08:04 DEBUG wire:86 - http-outgoing-6 << "{"name":"clickElement","sessionId":"aad8e126-e0de-43ff-979f-a00a343ba47b","status":0,"value":"ok"}"
2016-03-08 13:08:04 DEBUG DefaultManagedHttpClientConnection:81 - http-outgoing-6: Close connection
2016-03-08 13:08:04 DEBUG MainClientExec:103 - Connection discarded
2016-03-08 13:08:04 DEBUG PoolingHttpClientConnectionManager:320 - Connection released: [id: 6][route: {}->http://127.0.0.1:7055][total kept alive: 0; route allocated: 0 of 2000; total allocated: 0 of 2000]
----compareUnkownImage---------
2016-03-08 13:08:04 DEBUG RequestAddCookies:122 - CookieSpec selected: default
2016-03-08 13:08:04 DEBUG RequestAuthCache:76 - Auth cache not set in the context
2016-03-08 13:08:04 DEBUG PoolingHttpClientConnectionManager:249 - Connection request: [route: {}->http://127.0.0.1:7055][total kept alive: 0; route allocated: 0 of 2000; total allocated: 0 of 2000]
2016-03-08 13:08:04 DEBUG PoolingHttpClientConnectionManager:282 - Connection leased: [id: 7][route: {}->http://127.0.0.1:7055][total kept alive: 0; route allocated: 1 of 2000; total allocated: 1 of 2000]
2016-03-08 13:08:04 DEBUG MainClientExec:234 - Opening connection {}->http://127.0.0.1:7055
2016-03-08 13:08:04 DEBUG DefaultHttpClientConnectionOperator:131 - Connecting to /127.0.0.1:7055
2016-03-08 13:08:04 DEBUG DefaultHttpClientConnectionOperator:138 - Connection established 127.0.0.1:62270<->127.0.0.1:7055
2016-03-08 13:08:04 DEBUG DefaultManagedHttpClientConnection:90 - http-outgoing-7: set socket timeout to 10800000
2016-03-08 13:08:04 DEBUG MainClientExec:255 - Executing request POST /hub/session/aad8e126-e0de-43ff-979f-a00a343ba47b/element HTTP/1.1
2016-03-08 13:08:04 DEBUG MainClientExec:260 - Target auth state: UNCHALLENGED
2016-03-08 13:08:04 DEBUG MainClientExec:266 - Proxy auth state: UNCHALLENGED
2016-03-08 13:08:04 DEBUG headers:135 - http-outgoing-7 >> POST /hub/session/aad8e126-e0de-43ff-979f-a00a343ba47b/element HTTP/1.1
2016-03-08 13:08:04 DEBUG headers:138 - http-outgoing-7 >> Content-Type: application/json; charset=utf-8
2016-03-08 13:08:04 DEBUG headers:138 - http-outgoing-7 >> Content-Length: 82
2016-03-08 13:08:04 DEBUG headers:138 - http-outgoing-7 >> Host: 127.0.0.1:7055
2016-03-08 13:08:04 DEBUG headers:138 - http-outgoing-7 >> Connection: Keep-Alive
2016-03-08 13:08:04 DEBUG headers:138 - http-outgoing-7 >> User-Agent: Apache-HttpClient/4.5.1 (Java/1.8.0_72)
2016-03-08 13:08:04 DEBUG headers:138 - http-outgoing-7 >> Accept-Encoding: gzip,deflate
2016-03-08 13:08:04 DEBUG wire:72 - http-outgoing-7 >> "POST /hub/session/aad8e126-e0de-43ff-979f-a00a343ba47b/element HTTP/1.1[\r][\n]"
2016-03-08 13:08:04 DEBUG wire:72 - http-outgoing-7 >> "Content-Type: application/json; charset=utf-8[\r][\n]"
2016-03-08 13:08:04 DEBUG wire:72 - http-outgoing-7 >> "Content-Length: 82[\r][\n]"
2016-03-08 13:08:04 DEBUG wire:72 - http-outgoing-7 >> "Host: 127.0.0.1:7055[\r][\n]"
2016-03-08 13:08:04 DEBUG wire:72 - http-outgoing-7 >> "Connection: Keep-Alive[\r][\n]"
2016-03-08 13:08:04 DEBUG wire:72 - http-outgoing-7 >> "User-Agent: Apache-HttpClient/4.5.1 (Java/1.8.0_72)[\r][\n]"
2016-03-08 13:08:04 DEBUG wire:72 - http-outgoing-7 >> "Accept-Encoding: gzip,deflate[\r][\n]"
2016-03-08 13:08:04 DEBUG wire:72 - http-outgoing-7 >> "[\r][\n]"
2016-03-08 13:08:04 DEBUG wire:86 - http-outgoing-7 >> "{"using":"xpath","value":"//*[@id='app']/div/div[1]/header/nav/ul[2]/li[1]/a/img"}"
2016-03-08 13:08:15 DEBUG wire:72 - http-outgoing-7 << "HTTP/1.1 500 Internal Server Error[\r][\n]"
2016-03-08 13:08:15 DEBUG wire:72 - http-outgoing-7 << "content-type: application/json; charset=UTF-8[\r][\n]"
2016-03-08 13:08:15 DEBUG wire:72 - http-outgoing-7 << "connection: close[\r][\n]"
2016-03-08 13:08:15 DEBUG wire:72 - http-outgoing-7 << "content-length: 765[\r][\n]"
2016-03-08 13:08:15 DEBUG wire:72 - http-outgoing-7 << "server: httpd.js[\r][\n]"
2016-03-08 13:08:15 DEBUG wire:72 - http-outgoing-7 << "date: Tue, 08 Mar 2016 18:08:15 GMT[\r][\n]"
2016-03-08 13:08:15 DEBUG wire:72 - http-outgoing-7 << "[\r][\n]"
2016-03-08 13:08:15 DEBUG wire:86 - http-outgoing-7 << "{"name":"findElement","sessionId":"aad8e126-e0de-43ff-979f-a00a343ba47b","status":7,"value":{"message":"Unable to locate element: {\"method\":\"xpath\",\"selector\":\"//*[@id='app']/div/div[1]/header/nav/ul[2]/li[1]/a/img\"}","stackTrace":[{"methodName":"FirefoxDriver.prototype.findElementInternal_","fileName":"file:///C:/Users/Anand/AppData/Local/Temp/anonymous5310321808136605webdriver-profile/extensions/fxdriver@googlecode.com/components/driver-component.js","lineNumber":10723,"columnNumber":26},{"methodName":"fxdriver.Timer.prototype.setTimeout/<.notify","fileName":"file:///C:/Users/Anand/AppData/Local/Temp/anonymous5310321808136605webdriver-profile/extensions/fxdriver@googlecode.com/components/driver-component.js","lineNumber":623,"columnNumber":5}]}}"
2016-03-08 13:08:15 DEBUG headers:124 - http-outgoing-7 << HTTP/1.1 500 Internal Server Error
2016-03-08 13:08:15 DEBUG headers:127 - http-outgoing-7 << content-type: application/json; charset=UTF-8
2016-03-08 13:08:15 DEBUG headers:127 - http-outgoing-7 << connection: close
2016-03-08 13:08:15 DEBUG headers:127 - http-outgoing-7 << content-length: 765
2016-03-08 13:08:15 DEBUG headers:127 - http-outgoing-7 << server: httpd.js
2016-03-08 13:08:15 DEBUG headers:127 - http-outgoing-7 << date: Tue, 08 Mar 2016 18:08:15 GMT
2016-03-08 13:08:15 DEBUG DefaultManagedHttpClientConnection:81 - http-outgoing-7: Close connection
2016-03-08 13:08:15 DEBUG MainClientExec:103 - Connection discarded
2016-03-08 13:08:15 DEBUG PoolingHttpClientConnectionManager:320 - Connection released: [id: 7][route: {}->http://127.0.0.1:7055][total kept alive: 0; route allocated: 0 of 2000; total allocated: 0 of 2000]
]]></system-out>
  </testcase>
  <testcase name="clickOnUserName" classname="RegistarionLogInTest" time="38.963">
    <failure message="Unable to locate element: {&quot;method&quot;:&quot;xpath&quot;,&quot;selector&quot;:&quot;//*[@id=&apos;header-secondary&apos;]/div/span/a&quot;}&#10;Command duration or timeout: 10.10 seconds&#10;For documentation on this error, please visit: http://seleniumhq.org/exceptions/no_such_element.html&#10;Build info: version: &apos;2.52.0&apos;, revision: &apos;4c2593cfc3689a7fcd7be52549167e5ccc93ad28&apos;, time: &apos;2016-02-11 11:22:43&apos;&#10;System info: host: &apos;anand-usa&apos;, ip: &apos;192.168.1.23&apos;, os.name: &apos;Windows 10&apos;, os.arch: &apos;amd64&apos;, os.version: &apos;10.0&apos;, java.version: &apos;1.8.0_72&apos;&#10;Driver info: org.openqa.selenium.firefox.FirefoxDriver&#10;Capabilities [{applicationCacheEnabled=true, rotatable=false, handlesAlerts=true, databaseEnabled=true, version=44.0.2, platform=WINDOWS, nativeEvents=false, acceptSslCerts=true, webStorageEnabled=true, locationContextEnabled=true, browserName=firefox, takesScreenshot=true, javascriptEnabled=true, cssSelectorsEnabled=true}]&#10;Session ID: aad8e126-e0de-43ff-979f-a00a343ba47b&#10;*** Element info: {Using=xpath, value=//*[@id=&apos;header-secondary&apos;]/div/span/a}" type="org.openqa.selenium.NoSuchElementException"><![CDATA[org.openqa.selenium.NoSuchElementException: Unable to locate element: {"method":"xpath","selector":"//*[@id='header-secondary']/div/span/a"}
Command duration or timeout: 10.10 seconds
For documentation on this error, please visit: http://seleniumhq.org/exceptions/no_such_element.html
Build info: version: '2.52.0', revision: '4c2593cfc3689a7fcd7be52549167e5ccc93ad28', time: '2016-02-11 11:22:43'
System info: host: 'anand-usa', ip: '192.168.1.23', os.name: 'Windows 10', os.arch: 'amd64', os.version: '10.0', java.version: '1.8.0_72'
Driver info: org.openqa.selenium.firefox.FirefoxDriver
Capabilities [{applicationCacheEnabled=true, rotatable=false, handlesAlerts=true, databaseEnabled=true, version=44.0.2, platform=WINDOWS, nativeEvents=false, acceptSslCerts=true, webStorageEnabled=true, locationContextEnabled=true, browserName=firefox, takesScreenshot=true, javascriptEnabled=true, cssSelectorsEnabled=true}]
Session ID: aad8e126-e0de-43ff-979f-a00a343ba47b
*** Element info: {Using=xpath, value=//*[@id='header-secondary']/div/span/a}
	at sun.reflect.NativeConstructorAccessorImpl.newInstance0(Native Method)
	at sun.reflect.NativeConstructorAccessorImpl.newInstance(NativeConstructorAccessorImpl.java:62)
	at sun.reflect.DelegatingConstructorAccessorImpl.newInstance(DelegatingConstructorAccessorImpl.java:45)
	at java.lang.reflect.Constructor.newInstance(Constructor.java:423)
	at org.openqa.selenium.remote.ErrorHandler.createThrowable(ErrorHandler.java:206)
	at org.openqa.selenium.remote.ErrorHandler.throwIfResponseFailed(ErrorHandler.java:158)
	at org.openqa.selenium.remote.RemoteWebDriver.execute(RemoteWebDriver.java:678)
	at org.openqa.selenium.remote.RemoteWebDriver.findElement(RemoteWebDriver.java:363)
	at org.openqa.selenium.remote.RemoteWebDriver.findElementByXPath(RemoteWebDriver.java:500)
	at org.openqa.selenium.By$ByXPath.findElement(By.java:361)
	at org.openqa.selenium.remote.RemoteWebDriver.findElement(RemoteWebDriver.java:355)
	at com.user.reg.Util.findElementByXpath(Util.java:90)
	at com.user.reg.UserRegistration.clickOnUserName(UserRegistration.java:60)
	at RegistarionLogInTest.clickOnUserName(RegistarionLogInTest.java:22)
Caused by: org.openqa.selenium.NoSuchElementException: Unable to locate element: {"method":"xpath","selector":"//*[@id='header-secondary']/div/span/a"}
For documentation on this error, please visit: http://seleniumhq.org/exceptions/no_such_element.html
Build info: version: '2.52.0', revision: '4c2593cfc3689a7fcd7be52549167e5ccc93ad28', time: '2016-02-11 11:22:43'
System info: host: 'anand-usa', ip: '192.168.1.23', os.name: 'Windows 10', os.arch: 'amd64', os.version: '10.0', java.version: '1.8.0_72'
Driver info: driver.version: unknown
	at <anonymous class>.FirefoxDriver.prototype.findElementInternal_(file:///C:/Users/Anand/AppData/Local/Temp/anonymous5310321808136605webdriver-profile/extensions/fxdriver@googlecode.com/components/driver-component.js:10723)
	at <anonymous class>.fxdriver.Timer.prototype.setTimeout/<.notify(file:///C:/Users/Anand/AppData/Local/Temp/anonymous5310321808136605webdriver-profile/extensions/fxdriver@googlecode.com/components/driver-component.js:623)
]]></failure>
    <system-out><![CDATA[2016-03-08 13:08:15 DEBUG RequestAddCookies:122 - CookieSpec selected: default
2016-03-08 13:08:15 DEBUG RequestAuthCache:76 - Auth cache not set in the context
2016-03-08 13:08:15 DEBUG PoolingHttpClientConnectionManager:249 - Connection request: [route: {}->http://127.0.0.1:7055][total kept alive: 0; route allocated: 0 of 2000; total allocated: 0 of 2000]
2016-03-08 13:08:15 DEBUG PoolingHttpClientConnectionManager:282 - Connection leased: [id: 8][route: {}->http://127.0.0.1:7055][total kept alive: 0; route allocated: 1 of 2000; total allocated: 1 of 2000]
2016-03-08 13:08:15 DEBUG MainClientExec:234 - Opening connection {}->http://127.0.0.1:7055
2016-03-08 13:08:15 DEBUG DefaultHttpClientConnectionOperator:131 - Connecting to /127.0.0.1:7055
2016-03-08 13:08:15 DEBUG DefaultHttpClientConnectionOperator:138 - Connection established 127.0.0.1:62341<->127.0.0.1:7055
2016-03-08 13:08:15 DEBUG DefaultManagedHttpClientConnection:90 - http-outgoing-8: set socket timeout to 10800000
2016-03-08 13:08:15 DEBUG MainClientExec:255 - Executing request GET /hub/session/aad8e126-e0de-43ff-979f-a00a343ba47b/title HTTP/1.1
2016-03-08 13:08:15 DEBUG MainClientExec:260 - Target auth state: UNCHALLENGED
2016-03-08 13:08:15 DEBUG MainClientExec:266 - Proxy auth state: UNCHALLENGED
2016-03-08 13:08:15 DEBUG headers:135 - http-outgoing-8 >> GET /hub/session/aad8e126-e0de-43ff-979f-a00a343ba47b/title HTTP/1.1
2016-03-08 13:08:15 DEBUG headers:138 - http-outgoing-8 >> Cache-Control: no-cache
2016-03-08 13:08:15 DEBUG headers:138 - http-outgoing-8 >> Host: 127.0.0.1:7055
2016-03-08 13:08:15 DEBUG headers:138 - http-outgoing-8 >> Connection: Keep-Alive
2016-03-08 13:08:15 DEBUG headers:138 - http-outgoing-8 >> User-Agent: Apache-HttpClient/4.5.1 (Java/1.8.0_72)
2016-03-08 13:08:15 DEBUG headers:138 - http-outgoing-8 >> Accept-Encoding: gzip,deflate
2016-03-08 13:08:15 DEBUG wire:72 - http-outgoing-8 >> "GET /hub/session/aad8e126-e0de-43ff-979f-a00a343ba47b/title HTTP/1.1[\r][\n]"
2016-03-08 13:08:15 DEBUG wire:72 - http-outgoing-8 >> "Cache-Control: no-cache[\r][\n]"
2016-03-08 13:08:15 DEBUG wire:72 - http-outgoing-8 >> "Host: 127.0.0.1:7055[\r][\n]"
2016-03-08 13:08:15 DEBUG wire:72 - http-outgoing-8 >> "Connection: Keep-Alive[\r][\n]"
2016-03-08 13:08:15 DEBUG wire:72 - http-outgoing-8 >> "User-Agent: Apache-HttpClient/4.5.1 (Java/1.8.0_72)[\r][\n]"
2016-03-08 13:08:15 DEBUG wire:72 - http-outgoing-8 >> "Accept-Encoding: gzip,deflate[\r][\n]"
2016-03-08 13:08:15 DEBUG wire:72 - http-outgoing-8 >> "[\r][\n]"
2016-03-08 13:08:44 DEBUG wire:72 - http-outgoing-8 << "HTTP/1.1 200 OK[\r][\n]"
2016-03-08 13:08:44 DEBUG wire:72 - http-outgoing-8 << "content-type: application/json; charset=UTF-8[\r][\n]"
2016-03-08 13:08:44 DEBUG wire:72 - http-outgoing-8 << "connection: close[\r][\n]"
2016-03-08 13:08:44 DEBUG wire:72 - http-outgoing-8 << "content-length: 150[\r][\n]"
2016-03-08 13:08:44 DEBUG wire:72 - http-outgoing-8 << "server: httpd.js[\r][\n]"
2016-03-08 13:08:44 DEBUG wire:72 - http-outgoing-8 << "date: Tue, 08 Mar 2016 18:08:44 GMT[\r][\n]"
2016-03-08 13:08:44 DEBUG wire:72 - http-outgoing-8 << "[\r][\n]"
2016-03-08 13:08:44 DEBUG headers:124 - http-outgoing-8 << HTTP/1.1 200 OK
2016-03-08 13:08:44 DEBUG headers:127 - http-outgoing-8 << content-type: application/json; charset=UTF-8
2016-03-08 13:08:44 DEBUG headers:127 - http-outgoing-8 << connection: close
2016-03-08 13:08:44 DEBUG headers:127 - http-outgoing-8 << content-length: 150
2016-03-08 13:08:44 DEBUG headers:127 - http-outgoing-8 << server: httpd.js
2016-03-08 13:08:44 DEBUG headers:127 - http-outgoing-8 << date: Tue, 08 Mar 2016 18:08:44 GMT
2016-03-08 13:08:44 DEBUG wire:86 - http-outgoing-8 << "{"name":"getTitle","sessionId":"aad8e126-e0de-43ff-979f-a00a343ba47b","status":0,"value":"Login to Your Account | Match.com Official Site: Match.com"}"
2016-03-08 13:08:44 DEBUG DefaultManagedHttpClientConnection:81 - http-outgoing-8: Close connection
2016-03-08 13:08:44 DEBUG MainClientExec:103 - Connection discarded
2016-03-08 13:08:44 DEBUG PoolingHttpClientConnectionManager:320 - Connection released: [id: 8][route: {}->http://127.0.0.1:7055][total kept alive: 0; route allocated: 0 of 2000; total allocated: 0 of 2000]
2016-03-08 13:08:44 INFO  UserRegistration:56 -  The page title is Login to Your Account | Match.com Official Site: Match.com
2016-03-08 13:08:44 INFO  UserRegistration:58 - ----Calling-----getName
2016-03-08 13:08:44 DEBUG RequestAddCookies:122 - CookieSpec selected: default
2016-03-08 13:08:44 DEBUG RequestAuthCache:76 - Auth cache not set in the context
2016-03-08 13:08:44 DEBUG PoolingHttpClientConnectionManager:249 - Connection request: [route: {}->http://127.0.0.1:7055][total kept alive: 0; route allocated: 0 of 2000; total allocated: 0 of 2000]
2016-03-08 13:08:44 DEBUG PoolingHttpClientConnectionManager:282 - Connection leased: [id: 9][route: {}->http://127.0.0.1:7055][total kept alive: 0; route allocated: 1 of 2000; total allocated: 1 of 2000]
2016-03-08 13:08:44 DEBUG MainClientExec:234 - Opening connection {}->http://127.0.0.1:7055
2016-03-08 13:08:44 DEBUG DefaultHttpClientConnectionOperator:131 - Connecting to /127.0.0.1:7055
2016-03-08 13:08:44 DEBUG DefaultHttpClientConnectionOperator:138 - Connection established 127.0.0.1:62463<->127.0.0.1:7055
2016-03-08 13:08:44 DEBUG DefaultManagedHttpClientConnection:90 - http-outgoing-9: set socket timeout to 10800000
2016-03-08 13:08:44 DEBUG MainClientExec:255 - Executing request POST /hub/session/aad8e126-e0de-43ff-979f-a00a343ba47b/timeouts HTTP/1.1
2016-03-08 13:08:44 DEBUG MainClientExec:260 - Target auth state: UNCHALLENGED
2016-03-08 13:08:44 DEBUG MainClientExec:266 - Proxy auth state: UNCHALLENGED
2016-03-08 13:08:44 DEBUG headers:135 - http-outgoing-9 >> POST /hub/session/aad8e126-e0de-43ff-979f-a00a343ba47b/timeouts HTTP/1.1
2016-03-08 13:08:44 DEBUG headers:138 - http-outgoing-9 >> Content-Type: application/json; charset=utf-8
2016-03-08 13:08:44 DEBUG headers:138 - http-outgoing-9 >> Content-Length: 30
2016-03-08 13:08:44 DEBUG headers:138 - http-outgoing-9 >> Host: 127.0.0.1:7055
2016-03-08 13:08:44 DEBUG headers:138 - http-outgoing-9 >> Connection: Keep-Alive
2016-03-08 13:08:44 DEBUG headers:138 - http-outgoing-9 >> User-Agent: Apache-HttpClient/4.5.1 (Java/1.8.0_72)
2016-03-08 13:08:44 DEBUG headers:138 - http-outgoing-9 >> Accept-Encoding: gzip,deflate
2016-03-08 13:08:44 DEBUG wire:72 - http-outgoing-9 >> "POST /hub/session/aad8e126-e0de-43ff-979f-a00a343ba47b/timeouts HTTP/1.1[\r][\n]"
2016-03-08 13:08:44 DEBUG wire:72 - http-outgoing-9 >> "Content-Type: application/json; charset=utf-8[\r][\n]"
2016-03-08 13:08:44 DEBUG wire:72 - http-outgoing-9 >> "Content-Length: 30[\r][\n]"
2016-03-08 13:08:44 DEBUG wire:72 - http-outgoing-9 >> "Host: 127.0.0.1:7055[\r][\n]"
2016-03-08 13:08:44 DEBUG wire:72 - http-outgoing-9 >> "Connection: Keep-Alive[\r][\n]"
2016-03-08 13:08:44 DEBUG wire:72 - http-outgoing-9 >> "User-Agent: Apache-HttpClient/4.5.1 (Java/1.8.0_72)[\r][\n]"
2016-03-08 13:08:44 DEBUG wire:72 - http-outgoing-9 >> "Accept-Encoding: gzip,deflate[\r][\n]"
2016-03-08 13:08:44 DEBUG wire:72 - http-outgoing-9 >> "[\r][\n]"
2016-03-08 13:08:44 DEBUG wire:86 - http-outgoing-9 >> "{"type":"implicit","ms":10000}"
2016-03-08 13:08:44 DEBUG wire:72 - http-outgoing-9 << "HTTP/1.1 200 OK[\r][\n]"
2016-03-08 13:08:44 DEBUG wire:72 - http-outgoing-9 << "content-type: application/json; charset=UTF-8[\r][\n]"
2016-03-08 13:08:44 DEBUG wire:72 - http-outgoing-9 << "connection: close[\r][\n]"
2016-03-08 13:08:44 DEBUG wire:72 - http-outgoing-9 << "content-length: 94[\r][\n]"
2016-03-08 13:08:44 DEBUG wire:72 - http-outgoing-9 << "server: httpd.js[\r][\n]"
2016-03-08 13:08:44 DEBUG wire:72 - http-outgoing-9 << "date: Tue, 08 Mar 2016 18:08:44 GMT[\r][\n]"
2016-03-08 13:08:44 DEBUG wire:72 - http-outgoing-9 << "[\r][\n]"
2016-03-08 13:08:44 DEBUG headers:124 - http-outgoing-9 << HTTP/1.1 200 OK
2016-03-08 13:08:44 DEBUG headers:127 - http-outgoing-9 << content-type: application/json; charset=UTF-8
2016-03-08 13:08:44 DEBUG headers:127 - http-outgoing-9 << connection: close
2016-03-08 13:08:44 DEBUG headers:127 - http-outgoing-9 << content-length: 94
2016-03-08 13:08:44 DEBUG headers:127 - http-outgoing-9 << server: httpd.js
2016-03-08 13:08:44 DEBUG headers:127 - http-outgoing-9 << date: Tue, 08 Mar 2016 18:08:44 GMT
2016-03-08 13:08:44 DEBUG wire:86 - http-outgoing-9 << "{"name":"setTimeout","sessionId":"aad8e126-e0de-43ff-979f-a00a343ba47b","status":0,"value":""}"
2016-03-08 13:08:44 DEBUG DefaultManagedHttpClientConnection:81 - http-outgoing-9: Close connection
2016-03-08 13:08:44 DEBUG MainClientExec:103 - Connection discarded
2016-03-08 13:08:44 DEBUG PoolingHttpClientConnectionManager:320 - Connection released: [id: 9][route: {}->http://127.0.0.1:7055][total kept alive: 0; route allocated: 0 of 2000; total allocated: 0 of 2000]
2016-03-08 13:08:44 DEBUG RequestAddCookies:122 - CookieSpec selected: default
2016-03-08 13:08:44 DEBUG RequestAuthCache:76 - Auth cache not set in the context
2016-03-08 13:08:44 DEBUG PoolingHttpClientConnectionManager:249 - Connection request: [route: {}->http://127.0.0.1:7055][total kept alive: 0; route allocated: 0 of 2000; total allocated: 0 of 2000]
2016-03-08 13:08:44 DEBUG PoolingHttpClientConnectionManager:282 - Connection leased: [id: 10][route: {}->http://127.0.0.1:7055][total kept alive: 0; route allocated: 1 of 2000; total allocated: 1 of 2000]
2016-03-08 13:08:44 DEBUG MainClientExec:234 - Opening connection {}->http://127.0.0.1:7055
2016-03-08 13:08:44 DEBUG DefaultHttpClientConnectionOperator:131 - Connecting to /127.0.0.1:7055
2016-03-08 13:08:44 DEBUG DefaultHttpClientConnectionOperator:138 - Connection established 127.0.0.1:62464<->127.0.0.1:7055
2016-03-08 13:08:44 DEBUG DefaultManagedHttpClientConnection:90 - http-outgoing-10: set socket timeout to 10800000
2016-03-08 13:08:44 DEBUG MainClientExec:255 - Executing request POST /hub/session/aad8e126-e0de-43ff-979f-a00a343ba47b/element HTTP/1.1
2016-03-08 13:08:44 DEBUG MainClientExec:260 - Target auth state: UNCHALLENGED
2016-03-08 13:08:44 DEBUG MainClientExec:266 - Proxy auth state: UNCHALLENGED
2016-03-08 13:08:44 DEBUG headers:135 - http-outgoing-10 >> POST /hub/session/aad8e126-e0de-43ff-979f-a00a343ba47b/element HTTP/1.1
2016-03-08 13:08:44 DEBUG headers:138 - http-outgoing-10 >> Content-Type: application/json; charset=utf-8
2016-03-08 13:08:44 DEBUG headers:138 - http-outgoing-10 >> Content-Length: 66
2016-03-08 13:08:44 DEBUG headers:138 - http-outgoing-10 >> Host: 127.0.0.1:7055
2016-03-08 13:08:44 DEBUG headers:138 - http-outgoing-10 >> Connection: Keep-Alive
2016-03-08 13:08:44 DEBUG headers:138 - http-outgoing-10 >> User-Agent: Apache-HttpClient/4.5.1 (Java/1.8.0_72)
2016-03-08 13:08:44 DEBUG headers:138 - http-outgoing-10 >> Accept-Encoding: gzip,deflate
2016-03-08 13:08:44 DEBUG wire:72 - http-outgoing-10 >> "POST /hub/session/aad8e126-e0de-43ff-979f-a00a343ba47b/element HTTP/1.1[\r][\n]"
2016-03-08 13:08:44 DEBUG wire:72 - http-outgoing-10 >> "Content-Type: application/json; charset=utf-8[\r][\n]"
2016-03-08 13:08:44 DEBUG wire:72 - http-outgoing-10 >> "Content-Length: 66[\r][\n]"
2016-03-08 13:08:44 DEBUG wire:72 - http-outgoing-10 >> "Host: 127.0.0.1:7055[\r][\n]"
2016-03-08 13:08:44 DEBUG wire:72 - http-outgoing-10 >> "Connection: Keep-Alive[\r][\n]"
2016-03-08 13:08:44 DEBUG wire:72 - http-outgoing-10 >> "User-Agent: Apache-HttpClient/4.5.1 (Java/1.8.0_72)[\r][\n]"
2016-03-08 13:08:44 DEBUG wire:72 - http-outgoing-10 >> "Accept-Encoding: gzip,deflate[\r][\n]"
2016-03-08 13:08:44 DEBUG wire:72 - http-outgoing-10 >> "[\r][\n]"
2016-03-08 13:08:44 DEBUG wire:86 - http-outgoing-10 >> "{"using":"xpath","value":"//*[@id='header-secondary']/div/span/a"}"
2016-03-08 13:08:54 DEBUG wire:72 - http-outgoing-10 << "HTTP/1.1 500 Internal Server Error[\r][\n]"
2016-03-08 13:08:54 DEBUG wire:72 - http-outgoing-10 << "content-type: application/json; charset=UTF-8[\r][\n]"
2016-03-08 13:08:54 DEBUG wire:72 - http-outgoing-10 << "connection: close[\r][\n]"
2016-03-08 13:08:54 DEBUG wire:72 - http-outgoing-10 << "content-length: 749[\r][\n]"
2016-03-08 13:08:54 DEBUG wire:72 - http-outgoing-10 << "server: httpd.js[\r][\n]"
2016-03-08 13:08:54 DEBUG wire:72 - http-outgoing-10 << "date: Tue, 08 Mar 2016 18:08:54 GMT[\r][\n]"
2016-03-08 13:08:54 DEBUG wire:72 - http-outgoing-10 << "[\r][\n]"
2016-03-08 13:08:54 DEBUG headers:124 - http-outgoing-10 << HTTP/1.1 500 Internal Server Error
2016-03-08 13:08:54 DEBUG headers:127 - http-outgoing-10 << content-type: application/json; charset=UTF-8
2016-03-08 13:08:54 DEBUG headers:127 - http-outgoing-10 << connection: close
2016-03-08 13:08:54 DEBUG headers:127 - http-outgoing-10 << content-length: 749
2016-03-08 13:08:54 DEBUG headers:127 - http-outgoing-10 << server: httpd.js
2016-03-08 13:08:54 DEBUG headers:127 - http-outgoing-10 << date: Tue, 08 Mar 2016 18:08:54 GMT
2016-03-08 13:08:54 DEBUG wire:86 - http-outgoing-10 << "{"name":"findElement","sessionId":"aad8e126-e0de-43ff-979f-a00a343ba47b","status":7,"value":{"message":"Unable to locate element: {\"method\":\"xpath\",\"selector\":\"//*[@id='header-secondary']/div/span/a\"}","stackTrace":[{"methodName":"FirefoxDriver.prototype.findElementInternal_","fileName":"file:///C:/Users/Anand/AppData/Local/Temp/anonymous5310321808136605webdriver-profile/extensions/fxdriver@googlecode.com/components/driver-component.js","lineNumber":10723,"columnNumber":26},{"methodName":"fxdriver.Timer.prototype.setTimeout/<.notify","fileName":"file:///C:/Users/Anand/AppData/Local/Temp/anonymous5310321808136605webdriver-profile/extensions/fxdriver@googlecode.com/components/driver-component.js","lineNumber":623,"columnNumber":5}]}}"
2016-03-08 13:08:54 DEBUG DefaultManagedHttpClientConnection:81 - http-outgoing-10: Close connection
2016-03-08 13:08:54 DEBUG MainClientExec:103 - Connection discarded
2016-03-08 13:08:54 DEBUG PoolingHttpClientConnectionManager:320 - Connection released: [id: 10][route: {}->http://127.0.0.1:7055][total kept alive: 0; route allocated: 0 of 2000; total allocated: 0 of 2000]
]]></system-out>
  </testcase>
  <testcase name="clickOnMyFav" classname="RegistarionLogInTest" time="10.178">
    <failure message="Unable to locate element: {&quot;method&quot;:&quot;xpath&quot;,&quot;selector&quot;:&quot;//*[@id=&apos;module-user&apos;]/ul/li[2]/a&quot;}&#10;Command duration or timeout: 10.09 seconds&#10;For documentation on this error, please visit: http://seleniumhq.org/exceptions/no_such_element.html&#10;Build info: version: &apos;2.52.0&apos;, revision: &apos;4c2593cfc3689a7fcd7be52549167e5ccc93ad28&apos;, time: &apos;2016-02-11 11:22:43&apos;&#10;System info: host: &apos;anand-usa&apos;, ip: &apos;192.168.1.23&apos;, os.name: &apos;Windows 10&apos;, os.arch: &apos;amd64&apos;, os.version: &apos;10.0&apos;, java.version: &apos;1.8.0_72&apos;&#10;Driver info: org.openqa.selenium.firefox.FirefoxDriver&#10;Capabilities [{applicationCacheEnabled=true, rotatable=false, handlesAlerts=true, databaseEnabled=true, version=44.0.2, platform=WINDOWS, nativeEvents=false, acceptSslCerts=true, webStorageEnabled=true, locationContextEnabled=true, browserName=firefox, takesScreenshot=true, javascriptEnabled=true, cssSelectorsEnabled=true}]&#10;Session ID: aad8e126-e0de-43ff-979f-a00a343ba47b&#10;*** Element info: {Using=xpath, value=//*[@id=&apos;module-user&apos;]/ul/li[2]/a}" type="org.openqa.selenium.NoSuchElementException"><![CDATA[org.openqa.selenium.NoSuchElementException: Unable to locate element: {"method":"xpath","selector":"//*[@id='module-user']/ul/li[2]/a"}
Command duration or timeout: 10.09 seconds
For documentation on this error, please visit: http://seleniumhq.org/exceptions/no_such_element.html
Build info: version: '2.52.0', revision: '4c2593cfc3689a7fcd7be52549167e5ccc93ad28', time: '2016-02-11 11:22:43'
System info: host: 'anand-usa', ip: '192.168.1.23', os.name: 'Windows 10', os.arch: 'amd64', os.version: '10.0', java.version: '1.8.0_72'
Driver info: org.openqa.selenium.firefox.FirefoxDriver
Capabilities [{applicationCacheEnabled=true, rotatable=false, handlesAlerts=true, databaseEnabled=true, version=44.0.2, platform=WINDOWS, nativeEvents=false, acceptSslCerts=true, webStorageEnabled=true, locationContextEnabled=true, browserName=firefox, takesScreenshot=true, javascriptEnabled=true, cssSelectorsEnabled=true}]
Session ID: aad8e126-e0de-43ff-979f-a00a343ba47b
*** Element info: {Using=xpath, value=//*[@id='module-user']/ul/li[2]/a}
	at sun.reflect.NativeConstructorAccessorImpl.newInstance0(Native Method)
	at sun.reflect.NativeConstructorAccessorImpl.newInstance(NativeConstructorAccessorImpl.java:62)
	at sun.reflect.DelegatingConstructorAccessorImpl.newInstance(DelegatingConstructorAccessorImpl.java:45)
	at java.lang.reflect.Constructor.newInstance(Constructor.java:423)
	at org.openqa.selenium.remote.ErrorHandler.createThrowable(ErrorHandler.java:206)
	at org.openqa.selenium.remote.ErrorHandler.throwIfResponseFailed(ErrorHandler.java:158)
	at org.openqa.selenium.remote.RemoteWebDriver.execute(RemoteWebDriver.java:678)
	at org.openqa.selenium.remote.RemoteWebDriver.findElement(RemoteWebDriver.java:363)
	at org.openqa.selenium.remote.RemoteWebDriver.findElementByXPath(RemoteWebDriver.java:500)
	at org.openqa.selenium.By$ByXPath.findElement(By.java:361)
	at org.openqa.selenium.remote.RemoteWebDriver.findElement(RemoteWebDriver.java:355)
	at com.user.reg.Util.findElementByXpath(Util.java:90)
	at com.user.reg.UserRegistration.clickOnMyFav(UserRegistration.java:38)
	at RegistarionLogInTest.clickOnMyFav(RegistarionLogInTest.java:27)
Caused by: org.openqa.selenium.NoSuchElementException: Unable to locate element: {"method":"xpath","selector":"//*[@id='module-user']/ul/li[2]/a"}
For documentation on this error, please visit: http://seleniumhq.org/exceptions/no_such_element.html
Build info: version: '2.52.0', revision: '4c2593cfc3689a7fcd7be52549167e5ccc93ad28', time: '2016-02-11 11:22:43'
System info: host: 'anand-usa', ip: '192.168.1.23', os.name: 'Windows 10', os.arch: 'amd64', os.version: '10.0', java.version: '1.8.0_72'
Driver info: driver.version: unknown
	at <anonymous class>.FirefoxDriver.prototype.findElementInternal_(file:///C:/Users/Anand/AppData/Local/Temp/anonymous5310321808136605webdriver-profile/extensions/fxdriver@googlecode.com/components/driver-component.js:10723)
	at <anonymous class>.fxdriver.Timer.prototype.setTimeout/<.notify(file:///C:/Users/Anand/AppData/Local/Temp/anonymous5310321808136605webdriver-profile/extensions/fxdriver@googlecode.com/components/driver-component.js:623)
]]></failure>
    <system-out><![CDATA[2016-03-08 13:08:54 INFO  UserRegistration:35 - ----Calling-----getName
2016-03-08 13:08:54 DEBUG RequestAddCookies:122 - CookieSpec selected: default
2016-03-08 13:08:54 DEBUG RequestAuthCache:76 - Auth cache not set in the context
2016-03-08 13:08:54 DEBUG PoolingHttpClientConnectionManager:249 - Connection request: [route: {}->http://127.0.0.1:7055][total kept alive: 0; route allocated: 0 of 2000; total allocated: 0 of 2000]
2016-03-08 13:08:54 DEBUG PoolingHttpClientConnectionManager:282 - Connection leased: [id: 11][route: {}->http://127.0.0.1:7055][total kept alive: 0; route allocated: 1 of 2000; total allocated: 1 of 2000]
2016-03-08 13:08:54 DEBUG MainClientExec:234 - Opening connection {}->http://127.0.0.1:7055
2016-03-08 13:08:54 DEBUG DefaultHttpClientConnectionOperator:131 - Connecting to /127.0.0.1:7055
2016-03-08 13:08:54 DEBUG DefaultHttpClientConnectionOperator:138 - Connection established 127.0.0.1:62486<->127.0.0.1:7055
2016-03-08 13:08:54 DEBUG DefaultManagedHttpClientConnection:90 - http-outgoing-11: set socket timeout to 10800000
2016-03-08 13:08:54 DEBUG MainClientExec:255 - Executing request POST /hub/session/aad8e126-e0de-43ff-979f-a00a343ba47b/timeouts HTTP/1.1
2016-03-08 13:08:54 DEBUG MainClientExec:260 - Target auth state: UNCHALLENGED
2016-03-08 13:08:54 DEBUG MainClientExec:266 - Proxy auth state: UNCHALLENGED
2016-03-08 13:08:54 DEBUG headers:135 - http-outgoing-11 >> POST /hub/session/aad8e126-e0de-43ff-979f-a00a343ba47b/timeouts HTTP/1.1
2016-03-08 13:08:54 DEBUG headers:138 - http-outgoing-11 >> Content-Type: application/json; charset=utf-8
2016-03-08 13:08:54 DEBUG headers:138 - http-outgoing-11 >> Content-Length: 30
2016-03-08 13:08:54 DEBUG headers:138 - http-outgoing-11 >> Host: 127.0.0.1:7055
2016-03-08 13:08:54 DEBUG headers:138 - http-outgoing-11 >> Connection: Keep-Alive
2016-03-08 13:08:54 DEBUG headers:138 - http-outgoing-11 >> User-Agent: Apache-HttpClient/4.5.1 (Java/1.8.0_72)
2016-03-08 13:08:54 DEBUG headers:138 - http-outgoing-11 >> Accept-Encoding: gzip,deflate
2016-03-08 13:08:54 DEBUG wire:72 - http-outgoing-11 >> "POST /hub/session/aad8e126-e0de-43ff-979f-a00a343ba47b/timeouts HTTP/1.1[\r][\n]"
2016-03-08 13:08:54 DEBUG wire:72 - http-outgoing-11 >> "Content-Type: application/json; charset=utf-8[\r][\n]"
2016-03-08 13:08:54 DEBUG wire:72 - http-outgoing-11 >> "Content-Length: 30[\r][\n]"
2016-03-08 13:08:54 DEBUG wire:72 - http-outgoing-11 >> "Host: 127.0.0.1:7055[\r][\n]"
2016-03-08 13:08:54 DEBUG wire:72 - http-outgoing-11 >> "Connection: Keep-Alive[\r][\n]"
2016-03-08 13:08:54 DEBUG wire:72 - http-outgoing-11 >> "User-Agent: Apache-HttpClient/4.5.1 (Java/1.8.0_72)[\r][\n]"
2016-03-08 13:08:54 DEBUG wire:72 - http-outgoing-11 >> "Accept-Encoding: gzip,deflate[\r][\n]"
2016-03-08 13:08:54 DEBUG wire:72 - http-outgoing-11 >> "[\r][\n]"
2016-03-08 13:08:54 DEBUG wire:86 - http-outgoing-11 >> "{"type":"implicit","ms":10000}"
2016-03-08 13:08:54 DEBUG wire:72 - http-outgoing-11 << "HTTP/1.1 200 OK[\r][\n]"
2016-03-08 13:08:54 DEBUG wire:72 - http-outgoing-11 << "content-type: application/json; charset=UTF-8[\r][\n]"
2016-03-08 13:08:54 DEBUG wire:72 - http-outgoing-11 << "connection: close[\r][\n]"
2016-03-08 13:08:54 DEBUG wire:72 - http-outgoing-11 << "content-length: 94[\r][\n]"
2016-03-08 13:08:54 DEBUG wire:72 - http-outgoing-11 << "server: httpd.js[\r][\n]"
2016-03-08 13:08:54 DEBUG wire:72 - http-outgoing-11 << "date: Tue, 08 Mar 2016 18:08:54 GMT[\r][\n]"
2016-03-08 13:08:54 DEBUG wire:72 - http-outgoing-11 << "[\r][\n]"
2016-03-08 13:08:54 DEBUG headers:124 - http-outgoing-11 << HTTP/1.1 200 OK
2016-03-08 13:08:54 DEBUG headers:127 - http-outgoing-11 << content-type: application/json; charset=UTF-8
2016-03-08 13:08:54 DEBUG headers:127 - http-outgoing-11 << connection: close
2016-03-08 13:08:54 DEBUG headers:127 - http-outgoing-11 << content-length: 94
2016-03-08 13:08:54 DEBUG headers:127 - http-outgoing-11 << server: httpd.js
2016-03-08 13:08:54 DEBUG headers:127 - http-outgoing-11 << date: Tue, 08 Mar 2016 18:08:54 GMT
2016-03-08 13:08:54 DEBUG wire:86 - http-outgoing-11 << "{"name":"setTimeout","sessionId":"aad8e126-e0de-43ff-979f-a00a343ba47b","status":0,"value":""}"
2016-03-08 13:08:54 DEBUG DefaultManagedHttpClientConnection:81 - http-outgoing-11: Close connection
2016-03-08 13:08:54 DEBUG MainClientExec:103 - Connection discarded
2016-03-08 13:08:54 DEBUG PoolingHttpClientConnectionManager:320 - Connection released: [id: 11][route: {}->http://127.0.0.1:7055][total kept alive: 0; route allocated: 0 of 2000; total allocated: 0 of 2000]
2016-03-08 13:08:54 DEBUG RequestAddCookies:122 - CookieSpec selected: default
2016-03-08 13:08:54 DEBUG RequestAuthCache:76 - Auth cache not set in the context
2016-03-08 13:08:54 DEBUG PoolingHttpClientConnectionManager:249 - Connection request: [route: {}->http://127.0.0.1:7055][total kept alive: 0; route allocated: 0 of 2000; total allocated: 0 of 2000]
2016-03-08 13:08:54 DEBUG PoolingHttpClientConnectionManager:282 - Connection leased: [id: 12][route: {}->http://127.0.0.1:7055][total kept alive: 0; route allocated: 1 of 2000; total allocated: 1 of 2000]
2016-03-08 13:08:54 DEBUG MainClientExec:234 - Opening connection {}->http://127.0.0.1:7055
2016-03-08 13:08:54 DEBUG DefaultHttpClientConnectionOperator:131 - Connecting to /127.0.0.1:7055
2016-03-08 13:08:54 DEBUG DefaultHttpClientConnectionOperator:138 - Connection established 127.0.0.1:62487<->127.0.0.1:7055
2016-03-08 13:08:54 DEBUG DefaultManagedHttpClientConnection:90 - http-outgoing-12: set socket timeout to 10800000
2016-03-08 13:08:54 DEBUG MainClientExec:255 - Executing request POST /hub/session/aad8e126-e0de-43ff-979f-a00a343ba47b/timeouts HTTP/1.1
2016-03-08 13:08:54 DEBUG MainClientExec:260 - Target auth state: UNCHALLENGED
2016-03-08 13:08:54 DEBUG MainClientExec:266 - Proxy auth state: UNCHALLENGED
2016-03-08 13:08:54 DEBUG headers:135 - http-outgoing-12 >> POST /hub/session/aad8e126-e0de-43ff-979f-a00a343ba47b/timeouts HTTP/1.1
2016-03-08 13:08:54 DEBUG headers:138 - http-outgoing-12 >> Content-Type: application/json; charset=utf-8
2016-03-08 13:08:54 DEBUG headers:138 - http-outgoing-12 >> Content-Length: 30
2016-03-08 13:08:54 DEBUG headers:138 - http-outgoing-12 >> Host: 127.0.0.1:7055
2016-03-08 13:08:54 DEBUG headers:138 - http-outgoing-12 >> Connection: Keep-Alive
2016-03-08 13:08:54 DEBUG headers:138 - http-outgoing-12 >> User-Agent: Apache-HttpClient/4.5.1 (Java/1.8.0_72)
2016-03-08 13:08:54 DEBUG headers:138 - http-outgoing-12 >> Accept-Encoding: gzip,deflate
2016-03-08 13:08:54 DEBUG wire:72 - http-outgoing-12 >> "POST /hub/session/aad8e126-e0de-43ff-979f-a00a343ba47b/timeouts HTTP/1.1[\r][\n]"
2016-03-08 13:08:54 DEBUG wire:72 - http-outgoing-12 >> "Content-Type: application/json; charset=utf-8[\r][\n]"
2016-03-08 13:08:54 DEBUG wire:72 - http-outgoing-12 >> "Content-Length: 30[\r][\n]"
2016-03-08 13:08:54 DEBUG wire:72 - http-outgoing-12 >> "Host: 127.0.0.1:7055[\r][\n]"
2016-03-08 13:08:54 DEBUG wire:72 - http-outgoing-12 >> "Connection: Keep-Alive[\r][\n]"
2016-03-08 13:08:54 DEBUG wire:72 - http-outgoing-12 >> "User-Agent: Apache-HttpClient/4.5.1 (Java/1.8.0_72)[\r][\n]"
2016-03-08 13:08:54 DEBUG wire:72 - http-outgoing-12 >> "Accept-Encoding: gzip,deflate[\r][\n]"
2016-03-08 13:08:54 DEBUG wire:72 - http-outgoing-12 >> "[\r][\n]"
2016-03-08 13:08:54 DEBUG wire:86 - http-outgoing-12 >> "{"type":"implicit","ms":10000}"
2016-03-08 13:08:54 DEBUG wire:72 - http-outgoing-12 << "HTTP/1.1 200 OK[\r][\n]"
2016-03-08 13:08:54 DEBUG wire:72 - http-outgoing-12 << "content-type: application/json; charset=UTF-8[\r][\n]"
2016-03-08 13:08:54 DEBUG wire:72 - http-outgoing-12 << "connection: close[\r][\n]"
2016-03-08 13:08:54 DEBUG wire:72 - http-outgoing-12 << "content-length: 94[\r][\n]"
2016-03-08 13:08:54 DEBUG wire:72 - http-outgoing-12 << "server: httpd.js[\r][\n]"
2016-03-08 13:08:54 DEBUG wire:72 - http-outgoing-12 << "date: Tue, 08 Mar 2016 18:08:54 GMT[\r][\n]"
2016-03-08 13:08:54 DEBUG wire:72 - http-outgoing-12 << "[\r][\n]"
2016-03-08 13:08:54 DEBUG headers:124 - http-outgoing-12 << HTTP/1.1 200 OK
2016-03-08 13:08:54 DEBUG headers:127 - http-outgoing-12 << content-type: application/json; charset=UTF-8
2016-03-08 13:08:54 DEBUG headers:127 - http-outgoing-12 << connection: close
2016-03-08 13:08:54 DEBUG headers:127 - http-outgoing-12 << content-length: 94
2016-03-08 13:08:54 DEBUG headers:127 - http-outgoing-12 << server: httpd.js
2016-03-08 13:08:54 DEBUG headers:127 - http-outgoing-12 << date: Tue, 08 Mar 2016 18:08:54 GMT
2016-03-08 13:08:54 DEBUG wire:86 - http-outgoing-12 << "{"name":"setTimeout","sessionId":"aad8e126-e0de-43ff-979f-a00a343ba47b","status":0,"value":""}"
2016-03-08 13:08:54 DEBUG DefaultManagedHttpClientConnection:81 - http-outgoing-12: Close connection
2016-03-08 13:08:54 DEBUG MainClientExec:103 - Connection discarded
2016-03-08 13:08:54 DEBUG PoolingHttpClientConnectionManager:320 - Connection released: [id: 12][route: {}->http://127.0.0.1:7055][total kept alive: 0; route allocated: 0 of 2000; total allocated: 0 of 2000]
2016-03-08 13:08:54 DEBUG RequestAddCookies:122 - CookieSpec selected: default
2016-03-08 13:08:54 DEBUG RequestAuthCache:76 - Auth cache not set in the context
2016-03-08 13:08:54 DEBUG PoolingHttpClientConnectionManager:249 - Connection request: [route: {}->http://127.0.0.1:7055][total kept alive: 0; route allocated: 0 of 2000; total allocated: 0 of 2000]
2016-03-08 13:08:54 DEBUG PoolingHttpClientConnectionManager:282 - Connection leased: [id: 13][route: {}->http://127.0.0.1:7055][total kept alive: 0; route allocated: 1 of 2000; total allocated: 1 of 2000]
2016-03-08 13:08:54 DEBUG MainClientExec:234 - Opening connection {}->http://127.0.0.1:7055
2016-03-08 13:08:54 DEBUG DefaultHttpClientConnectionOperator:131 - Connecting to /127.0.0.1:7055
2016-03-08 13:08:54 DEBUG DefaultHttpClientConnectionOperator:138 - Connection established 127.0.0.1:62488<->127.0.0.1:7055
2016-03-08 13:08:54 DEBUG DefaultManagedHttpClientConnection:90 - http-outgoing-13: set socket timeout to 10800000
2016-03-08 13:08:54 DEBUG MainClientExec:255 - Executing request POST /hub/session/aad8e126-e0de-43ff-979f-a00a343ba47b/element HTTP/1.1
2016-03-08 13:08:54 DEBUG MainClientExec:260 - Target auth state: UNCHALLENGED
2016-03-08 13:08:54 DEBUG MainClientExec:266 - Proxy auth state: UNCHALLENGED
2016-03-08 13:08:54 DEBUG headers:135 - http-outgoing-13 >> POST /hub/session/aad8e126-e0de-43ff-979f-a00a343ba47b/element HTTP/1.1
2016-03-08 13:08:54 DEBUG headers:138 - http-outgoing-13 >> Content-Type: application/json; charset=utf-8
2016-03-08 13:08:54 DEBUG headers:138 - http-outgoing-13 >> Content-Length: 61
2016-03-08 13:08:54 DEBUG headers:138 - http-outgoing-13 >> Host: 127.0.0.1:7055
2016-03-08 13:08:54 DEBUG headers:138 - http-outgoing-13 >> Connection: Keep-Alive
2016-03-08 13:08:54 DEBUG headers:138 - http-outgoing-13 >> User-Agent: Apache-HttpClient/4.5.1 (Java/1.8.0_72)
2016-03-08 13:08:54 DEBUG headers:138 - http-outgoing-13 >> Accept-Encoding: gzip,deflate
2016-03-08 13:08:54 DEBUG wire:72 - http-outgoing-13 >> "POST /hub/session/aad8e126-e0de-43ff-979f-a00a343ba47b/element HTTP/1.1[\r][\n]"
2016-03-08 13:08:54 DEBUG wire:72 - http-outgoing-13 >> "Content-Type: application/json; charset=utf-8[\r][\n]"
2016-03-08 13:08:54 DEBUG wire:72 - http-outgoing-13 >> "Content-Length: 61[\r][\n]"
2016-03-08 13:08:54 DEBUG wire:72 - http-outgoing-13 >> "Host: 127.0.0.1:7055[\r][\n]"
2016-03-08 13:08:54 DEBUG wire:72 - http-outgoing-13 >> "Connection: Keep-Alive[\r][\n]"
2016-03-08 13:08:54 DEBUG wire:72 - http-outgoing-13 >> "User-Agent: Apache-HttpClient/4.5.1 (Java/1.8.0_72)[\r][\n]"
2016-03-08 13:08:54 DEBUG wire:72 - http-outgoing-13 >> "Accept-Encoding: gzip,deflate[\r][\n]"
2016-03-08 13:08:54 DEBUG wire:72 - http-outgoing-13 >> "[\r][\n]"
2016-03-08 13:08:54 DEBUG wire:86 - http-outgoing-13 >> "{"using":"xpath","value":"//*[@id='module-user']/ul/li[2]/a"}"
2016-03-08 13:09:04 DEBUG wire:72 - http-outgoing-13 << "HTTP/1.1 500 Internal Server Error[\r][\n]"
2016-03-08 13:09:04 DEBUG wire:72 - http-outgoing-13 << "content-type: application/json; charset=UTF-8[\r][\n]"
2016-03-08 13:09:04 DEBUG wire:72 - http-outgoing-13 << "connection: close[\r][\n]"
2016-03-08 13:09:04 DEBUG wire:72 - http-outgoing-13 << "content-length: 744[\r][\n]"
2016-03-08 13:09:04 DEBUG wire:72 - http-outgoing-13 << "server: httpd.js[\r][\n]"
2016-03-08 13:09:04 DEBUG wire:72 - http-outgoing-13 << "date: Tue, 08 Mar 2016 18:09:04 GMT[\r][\n]"
2016-03-08 13:09:04 DEBUG wire:72 - http-outgoing-13 << "[\r][\n]"
2016-03-08 13:09:04 DEBUG headers:124 - http-outgoing-13 << HTTP/1.1 500 Internal Server Error
2016-03-08 13:09:04 DEBUG headers:127 - http-outgoing-13 << content-type: application/json; charset=UTF-8
2016-03-08 13:09:04 DEBUG headers:127 - http-outgoing-13 << connection: close
2016-03-08 13:09:04 DEBUG headers:127 - http-outgoing-13 << content-length: 744
2016-03-08 13:09:04 DEBUG headers:127 - http-outgoing-13 << server: httpd.js
2016-03-08 13:09:04 DEBUG headers:127 - http-outgoing-13 << date: Tue, 08 Mar 2016 18:09:04 GMT
2016-03-08 13:09:04 DEBUG wire:86 - http-outgoing-13 << "{"name":"findElement","sessionId":"aad8e126-e0de-43ff-979f-a00a343ba47b","status":7,"value":{"message":"Unable to locate element: {\"method\":\"xpath\",\"selector\":\"//*[@id='module-user']/ul/li[2]/a\"}","stackTrace":[{"methodName":"FirefoxDriver.prototype.findElementInternal_","fileName":"file:///C:/Users/Anand/AppData/Local/Temp/anonymous5310321808136605webdriver-profile/extensions/fxdriver@googlecode.com/components/driver-component.js","lineNumber":10723,"columnNumber":26},{"methodName":"fxdriver.Timer.prototype.setTimeout/<.notify","fileName":"file:///C:/Users/Anand/AppData/Local/Temp/anonymous5310321808136605webdriver-profile/extensions/fxdriver@googlecode.com/components/driver-component.js","lineNumber":623,"columnNumber":5}]}}"
2016-03-08 13:09:04 DEBUG DefaultManagedHttpClientConnection:81 - http-outgoing-13: Close connection
2016-03-08 13:09:04 DEBUG MainClientExec:103 - Connection discarded
2016-03-08 13:09:04 DEBUG PoolingHttpClientConnectionManager:320 - Connection released: [id: 13][route: {}->http://127.0.0.1:7055][total kept alive: 0; route allocated: 0 of 2000; total allocated: 0 of 2000]
]]></system-out>
  </testcase>
</testsuite>