<?xml version="1.0" encoding="UTF-8"?>
<!-- Generated by org.testng.reporters.JUnitReportReporter -->
<testsuite hostname="anand-usa" name="UserRegistrationTest" tests="2" failures="0" timestamp="9 Mar 2016 21:25:46 GMT" time="85.798" errors="0">
  <testcase name="accessToSite" time="12.959" classname="UserRegistrationTest"/>
  <testcase name="registration" time="72.839" classname="UserRegistrationTest"/>
</testsuite> <!-- UserRegistrationTest -->
