<?xml version="1.0" encoding="UTF-8"?>
<!-- Generated by org.testng.reporters.JUnitReportReporter -->
<testsuite hostname="anand-usa" name="com.test.automation.DemoForMaven" tests="1" failures="0" timestamp="3 Mar 2016 00:55:57 GMT" time="0.026" errors="0">
  <testcase name="test" time="0.026" classname="com.test.automation.DemoForMaven"/>
</testsuite> <!-- com.test.automation.DemoForMaven -->
