<?xml version="1.0" encoding="UTF-8"?>
<!-- Generated by org.testng.reporters.JUnitReportReporter -->
<testsuite hostname="anand-usa" name="HeaderTest" tests="1" failures="0" timestamp="6 Mar 2016 22:56:22 GMT" time="24.185" errors="0">
  <testcase name="test" time="24.185" classname="HeaderTest"/>
</testsuite> <!-- HeaderTest -->
