<?xml version="1.0" encoding="UTF-8"?>
<!-- Generated by org.testng.reporters.JUnitReportReporter -->
<testsuite hostname="anand-usa" name="UserRegistrationTest" tests="2" failures="0" timestamp="3 Mar 2016 03:28:27 GMT" time="120.998" errors="0">
  <testcase name="accessToSite" time="8.841" classname="UserRegistrationTest"/>
  <testcase name="registration" time="112.157" classname="UserRegistrationTest"/>
</testsuite> <!-- UserRegistrationTest -->
