<?xml version="1.0" encoding="UTF-8"?>
<!-- Generated by org.testng.reporters.JUnitReportReporter -->
<testsuite hostname="anand-usa" name="RegistarionLogInTest" tests="3" failures="0" timestamp="9 Mar 2016 19:41:44 GMT" time="30.159" errors="0">
  <testcase name="clickOnUserName" time="1.376" classname="RegistarionLogInTest"/>
  <testcase name="clickOnMyFav" time="6.936" classname="RegistarionLogInTest"/>
  <testcase name="LogIn" time="21.847" classname="RegistarionLogInTest"/>
</testsuite>
